2025-05-31 17:06:55 - INFO - p.config.LoggingAspect - Entering method: getModelMapper
2025-05-31 17:06:56 - INFO - p.config.LoggingAspect - Exiting method: getModelMapper
2025-05-31 17:06:56 - INFO - p.config.LoggingAspect - Entering method: onApplicationEvent
2025-05-31 17:06:56 - INFO - p.listeners.CreateFlag - Created flag file:
C:\Users\Ádám\IdeaProjects\Project_tracker\flags\backend_ready.flag
2025-05-31 17:06:56 - INFO - p.config.LoggingAspect - Exiting method: onApplicationEvent
2025-05-31 17:06:57 - INFO - p.config.LoggingAspect - Entering method: healthCheck
2025-05-31 17:06:57 - INFO - p.config.LoggingAspect - Exiting method: healthCheck
2025-05-31 17:07:12 - INFO - p.config.LoggingAspect - Entering method: login
2025-05-31 17:07:12 - INFO - p.config.LoggingAspect - Entering method: login
2025-05-31 17:07:12 - INFO - p.config.LoggingAspect - Entering method: findUserByUsername
2025-05-31 17:07:12 - INFO - p.config.LoggingAspect - Exiting method: findUserByUsername
2025-05-31 17:07:12 - INFO - p.config.LoggingAspect - Entering method: getArgon2PasswordEncoder
2025-05-31 17:07:12 - INFO - p.config.LoggingAspect - Entering method: getParallelism
2025-05-31 17:07:12 - INFO - p.config.LoggingAspect - Exiting method: getParallelism
2025-05-31 17:07:12 - INFO - p.config.LoggingAspect - Entering method: getMemoryUsageForEncryption
2025-05-31 17:07:12 - INFO - p.config.LoggingAspect - Exiting method: getMemoryUsageForEncryption
2025-05-31 17:07:12 - INFO - p.config.LoggingAspect - Entering method: getIterationAmount
2025-05-31 17:07:12 - INFO - p.config.LoggingAspect - Exiting method: getIterationAmount
2025-05-31 17:07:12 - INFO - p.config.LoggingAspect - Exiting method: getArgon2PasswordEncoder
2025-05-31 17:07:15 - INFO - p.config.LoggingAspect - Entering method: mapUserToUserDetails
2025-05-31 17:07:15 - INFO - p.config.LoggingAspect - Exiting method: mapUserToUserDetails
2025-05-31 17:07:15 - INFO - p.config.LoggingAspect - Exiting method: login
2025-05-31 17:07:15 - INFO - p.config.LoggingAspect - Exiting method: login
