2025-05-23 15:22:54 - INFO - p.config.LoggingAspect - Entering method: getModelMapper
2025-05-23 15:22:55 - INFO - p.config.LoggingAspect - Exiting method: getModelMapper
2025-05-23 15:22:56 - INFO - p.config.LoggingAspect - Entering method: onApplicationEvent
2025-05-23 15:22:56 - INFO - p.listeners.CreateFlag - Created flag file:
C:\Users\Lenovo\IdeaProjects\Project_tracker_root\flags\backend_ready.flag
2025-05-23 15:22:56 - INFO - p.config.LoggingAspect - Exiting method: onApplicationEvent
2025-05-23 15:22:57 - INFO - p.config.LoggingAspect - Entering method: healthCheck
2025-05-23 15:22:57 - INFO - p.config.LoggingAspect - Exiting method: healthCheck
2025-05-23 15:23:05 - INFO - p.config.LoggingAspect - Entering method: login
2025-05-23 15:23:05 - INFO - p.config.LoggingAspect - Entering method: login
2025-05-23 15:23:05 - INFO - p.config.LoggingAspect - Entering method: findUserByUsername
2025-05-23 15:23:05 - INFO - p.config.LoggingAspect - Exiting method: findUserByUsername
2025-05-23 15:23:05 - INFO - p.config.LoggingAspect - Entering method: getArgon2PasswordEncoder
2025-05-23 15:23:05 - INFO - p.config.LoggingAspect - Entering method: getParallelism
2025-05-23 15:23:05 - INFO - p.config.LoggingAspect - Exiting method: getParallelism
2025-05-23 15:23:05 - INFO - p.config.LoggingAspect - Entering method: getMemoryUsageForEncryption
2025-05-23 15:23:05 - INFO - p.config.LoggingAspect - Exiting method: getMemoryUsageForEncryption
2025-05-23 15:23:05 - INFO - p.config.LoggingAspect - Entering method: getIterationAmount
2025-05-23 15:23:05 - INFO - p.config.LoggingAspect - Exiting method: getIterationAmount
2025-05-23 15:23:05 - INFO - p.config.LoggingAspect - Exiting method: getArgon2PasswordEncoder
2025-05-23 15:23:06 - INFO - p.config.LoggingAspect - Entering method: mapUserToUserDetails
2025-05-23 15:23:06 - INFO - p.config.LoggingAspect - Exiting method: mapUserToUserDetails
2025-05-23 15:23:06 - INFO - p.config.LoggingAspect - Exiting method: login
2025-05-23 15:23:06 - INFO - p.config.LoggingAspect - Exiting method: login
2025-05-23 15:23:09 - INFO - p.config.LoggingAspect - Entering method: getUserProjects
2025-05-23 15:23:09 - INFO - p.config.LoggingAspect - Entering method: getUserProjects
2025-05-23 15:23:09 - INFO - p.config.LoggingAspect - Entering method: findAllProjectsByUser_Id
2025-05-23 15:23:09 - INFO - p.config.LoggingAspect - Exiting method: findAllProjectsByUser_Id
2025-05-23 15:23:09 - INFO - p.config.LoggingAspect - Exiting method: getUserProjects
2025-05-23 15:23:09 - INFO - p.config.LoggingAspect - Exiting method: getUserProjects
2025-05-23 15:23:15 - INFO - p.config.LoggingAspect - Entering method: getAllStatuses
2025-05-23 15:23:15 - INFO - p.config.LoggingAspect - Entering method: getAllStatuses
2025-05-23 15:23:15 - INFO - p.config.LoggingAspect - Entering method: findAllByStatusPurpose
2025-05-23 15:23:15 - ERROR - p.config.LoggingAspect - Error in method: findAllByStatusPurpose
org.springframework.dao.InvalidDataAccessApiUsageException: For queries with named parameters you
need to provide names for method parameters; Use @Param for query method parameters, or when on Java
8+ use the javac flag -parameters
at
org.springframework.orm.jpa.EntityManagerFactoryUtils.convertJpaAccessExceptionIfPossible(EntityMana
erFactoryUtils.java:368)
at
org.springframework.orm.jpa.vendor.HibernateJpaDialect.translateExceptionIfPossible(HibernateJpaDial
ct.java:246)
at
org.springframework.orm.jpa.AbstractEntityManagerFactoryBean.translateExceptionIfPossible(AbstractEn
ityManagerFactoryBean.java:560)
at
org.springframework.dao.support.ChainedPersistenceExceptionTranslator.translateExceptionIfPossible(C
ainedPersistenceExceptionTranslator.java:61)
at org.springframework.dao.support.DataAccessUtils.translateIfNecessary(DataAccessUtils.java:343)
at
org.springframework.dao.support.PersistenceExceptionTranslationInterceptor.invoke(PersistenceExcepti
nTranslationInterceptor.java:160)
at
org.springframework.aop.framework.ReflectiveMethodInvocation.proceed(ReflectiveMethodInvocation.java
184)
at
org.springframework.data.jpa.repository.support.CrudMethodMetadataPostProcessor$CrudMethodMetadataPo
ulatingMethodInterceptor.invoke(CrudMethodMetadataPostProcessor.java:136)
at
org.springframework.aop.framework.ReflectiveMethodInvocation.proceed(ReflectiveMethodInvocation.java
184)
at org.springframework.aop.framework.JdkDynamicAopProxy.invoke(JdkDynamicAopProxy.java:223)
at jdk.proxy2/jdk.proxy2.$Proxy140.findAllByStatusPurpose(Unknown Source)
at
java.base/jdk.internal.reflect.DirectMethodHandleAccessor.invoke(DirectMethodHandleAccessor.java:103
at java.base/java.lang.reflect.Method.invoke(Method.java:580)
at org.springframework.aop.support.AopUtils.invokeJoinpointUsingReflection(AopUtils.java:359)
at
org.springframework.aop.framework.ReflectiveMethodInvocation.invokeJoinpoint(ReflectiveMethodInvocat
on.java:196)
at
org.springframework.aop.framework.ReflectiveMethodInvocation.proceed(ReflectiveMethodInvocation.java
163)
at
org.springframework.dao.support.PersistenceExceptionTranslationInterceptor.invoke(PersistenceExcepti
nTranslationInterceptor.java:138)
at
org.springframework.aop.framework.ReflectiveMethodInvocation.proceed(ReflectiveMethodInvocation.java
184)
at
org.springframework.aop.aspectj.AspectJAfterThrowingAdvice.invoke(AspectJAfterThrowingAdvice.java:64
at
org.springframework.aop.framework.ReflectiveMethodInvocation.proceed(ReflectiveMethodInvocation.java
184)
at org.springframework.aop.aspectj.AspectJAfterAdvice.invoke(AspectJAfterAdvice.java:49)
at
org.springframework.aop.framework.ReflectiveMethodInvocation.proceed(ReflectiveMethodInvocation.java
184)
at
org.springframework.aop.framework.adapter.MethodBeforeAdviceInterceptor.invoke(MethodBeforeAdviceInt
rceptor.java:58)
at
org.springframework.aop.framework.ReflectiveMethodInvocation.proceed(ReflectiveMethodInvocation.java
184)
at
org.springframework.aop.interceptor.ExposeInvocationInterceptor.invoke(ExposeInvocationInterceptor.j
va:97)
at
org.springframework.aop.framework.ReflectiveMethodInvocation.proceed(ReflectiveMethodInvocation.java
184)
at org.springframework.aop.framework.JdkDynamicAopProxy.invoke(JdkDynamicAopProxy.java:223)
at jdk.proxy2/jdk.proxy2.$Proxy140.findAllByStatusPurpose(Unknown Source)
at project_tracker_backend.service.StatusService.getAllStatuses(StatusService.java:68)
at
java.base/jdk.internal.reflect.DirectMethodHandleAccessor.invoke(DirectMethodHandleAccessor.java:103
at java.base/java.lang.reflect.Method.invoke(Method.java:580)
at org.springframework.aop.support.AopUtils.invokeJoinpointUsingReflection(AopUtils.java:359)
at
org.springframework.aop.framework.ReflectiveMethodInvocation.invokeJoinpoint(ReflectiveMethodInvocat
on.java:196)
at
org.springframework.aop.framework.ReflectiveMethodInvocation.proceed(ReflectiveMethodInvocation.java
163)
at
org.springframework.aop.aspectj.AspectJAfterThrowingAdvice.invoke(AspectJAfterThrowingAdvice.java:64
at
org.springframework.aop.framework.ReflectiveMethodInvocation.proceed(ReflectiveMethodInvocation.java
184)
at org.springframework.aop.aspectj.AspectJAfterAdvice.invoke(AspectJAfterAdvice.java:49)
at
org.springframework.aop.framework.ReflectiveMethodInvocation.proceed(ReflectiveMethodInvocation.java
184)
at
org.springframework.aop.framework.adapter.MethodBeforeAdviceInterceptor.invoke(MethodBeforeAdviceInt
rceptor.java:58)
at
org.springframework.aop.framework.ReflectiveMethodInvocation.proceed(ReflectiveMethodInvocation.java
184)
at
org.springframework.aop.interceptor.ExposeInvocationInterceptor.invoke(ExposeInvocationInterceptor.j
va:97)
at
org.springframework.aop.framework.ReflectiveMethodInvocation.proceed(ReflectiveMethodInvocation.java
184)
at
org.springframework.aop.framework.CglibAopProxy$DynamicAdvisedInterceptor.intercept(CglibAopProxy.ja
a:727)
at project_tracker_backend.service.StatusService$$SpringCGLIB$$0.getAllStatuses(<generated>)
at project_tracker_backend.controller.StatusController.getAllStatuses(StatusController.java:39)
at
java.base/jdk.internal.reflect.DirectMethodHandleAccessor.invoke(DirectMethodHandleAccessor.java:103
at java.base/java.lang.reflect.Method.invoke(Method.java:580)
at org.springframework.aop.support.AopUtils.invokeJoinpointUsingReflection(AopUtils.java:359)
at
org.springframework.aop.framework.ReflectiveMethodInvocation.invokeJoinpoint(ReflectiveMethodInvocat
on.java:196)
at
org.springframework.aop.framework.ReflectiveMethodInvocation.proceed(ReflectiveMethodInvocation.java
163)
at
org.springframework.aop.aspectj.AspectJAfterThrowingAdvice.invoke(AspectJAfterThrowingAdvice.java:64
at
org.springframework.aop.framework.ReflectiveMethodInvocation.proceed(ReflectiveMethodInvocation.java
184)
at org.springframework.aop.aspectj.AspectJAfterAdvice.invoke(AspectJAfterAdvice.java:49)
at
org.springframework.aop.framework.ReflectiveMethodInvocation.proceed(ReflectiveMethodInvocation.java
184)
at
org.springframework.aop.framework.adapter.MethodBeforeAdviceInterceptor.invoke(MethodBeforeAdviceInt
rceptor.java:58)
at
org.springframework.aop.framework.ReflectiveMethodInvocation.proceed(ReflectiveMethodInvocation.java
184)
at
org.springframework.aop.interceptor.ExposeInvocationInterceptor.invoke(ExposeInvocationInterceptor.j
va:97)
at
org.springframework.aop.framework.ReflectiveMethodInvocation.proceed(ReflectiveMethodInvocation.java
184)
at
org.springframework.aop.framework.CglibAopProxy$DynamicAdvisedInterceptor.intercept(CglibAopProxy.ja
a:727)
at project_tracker_backend.controller.StatusController$$SpringCGLIB$$0.getAllStatuses(<generated>)
at
java.base/jdk.internal.reflect.DirectMethodHandleAccessor.invoke(DirectMethodHandleAccessor.java:103
at java.base/java.lang.reflect.Method.invoke(Method.java:580)
at
org.springframework.web.method.support.InvocableHandlerMethod.doInvoke(InvocableHandlerMethod.java:2
8)
at
org.springframework.web.method.support.InvocableHandlerMethod.invokeForRequest(InvocableHandlerMetho
.java:191)
at
org.springframework.web.servlet.mvc.method.annotation.ServletInvocableHandlerMethod.invokeAndHandle(
ervletInvocableHandlerMethod.java:118)
at
org.springframework.web.servlet.mvc.method.annotation.RequestMappingHandlerAdapter.invokeHandlerMeth
d(RequestMappingHandlerAdapter.java:986)
at
org.springframework.web.servlet.mvc.method.annotation.RequestMappingHandlerAdapter.handleInternal(Re
uestMappingHandlerAdapter.java:891)
at
org.springframework.web.servlet.mvc.method.AbstractHandlerMethodAdapter.handle(AbstractHandlerMethod
dapter.java:87)
at org.springframework.web.servlet.DispatcherServlet.doDispatch(DispatcherServlet.java:1089)
at org.springframework.web.servlet.DispatcherServlet.doService(DispatcherServlet.java:979)
at org.springframework.web.servlet.FrameworkServlet.processRequest(FrameworkServlet.java:1014)
at org.springframework.web.servlet.FrameworkServlet.doGet(FrameworkServlet.java:903)
at jakarta.servlet.http.HttpServlet.service(HttpServlet.java:564)
at org.springframework.web.servlet.FrameworkServlet.service(FrameworkServlet.java:885)
at jakarta.servlet.http.HttpServlet.service(HttpServlet.java:658)
at
org.apache.catalina.core.ApplicationFilterChain.internalDoFilter(ApplicationFilterChain.java:195)
at org.apache.catalina.core.ApplicationFilterChain.doFilter(ApplicationFilterChain.java:140)
at org.apache.tomcat.websocket.server.WsFilter.doFilter(WsFilter.java:51)
at
org.apache.catalina.core.ApplicationFilterChain.internalDoFilter(ApplicationFilterChain.java:164)
at org.apache.catalina.core.ApplicationFilterChain.doFilter(ApplicationFilterChain.java:140)
at
org.springframework.web.filter.RequestContextFilter.doFilterInternal(RequestContextFilter.java:100)
at org.springframework.web.filter.OncePerRequestFilter.doFilter(OncePerRequestFilter.java:116)
at
org.apache.catalina.core.ApplicationFilterChain.internalDoFilter(ApplicationFilterChain.java:164)
at org.apache.catalina.core.ApplicationFilterChain.doFilter(ApplicationFilterChain.java:140)
at org.springframework.web.filter.FormContentFilter.doFilterInternal(FormContentFilter.java:93)
at org.springframework.web.filter.OncePerRequestFilter.doFilter(OncePerRequestFilter.java:116)
at
org.apache.catalina.core.ApplicationFilterChain.internalDoFilter(ApplicationFilterChain.java:164)
at org.apache.catalina.core.ApplicationFilterChain.doFilter(ApplicationFilterChain.java:140)
at
org.springframework.web.filter.CharacterEncodingFilter.doFilterInternal(CharacterEncodingFilter.java
201)
at org.springframework.web.filter.OncePerRequestFilter.doFilter(OncePerRequestFilter.java:116)
at
org.apache.catalina.core.ApplicationFilterChain.internalDoFilter(ApplicationFilterChain.java:164)
at org.apache.catalina.core.ApplicationFilterChain.doFilter(ApplicationFilterChain.java:140)
at org.apache.catalina.core.StandardWrapperValve.invoke(StandardWrapperValve.java:167)
at org.apache.catalina.core.StandardContextValve.invoke(StandardContextValve.java:90)
at org.apache.catalina.authenticator.AuthenticatorBase.invoke(AuthenticatorBase.java:483)
at org.apache.catalina.core.StandardHostValve.invoke(StandardHostValve.java:115)
at org.apache.catalina.valves.ErrorReportValve.invoke(ErrorReportValve.java:93)
at org.apache.catalina.core.StandardEngineValve.invoke(StandardEngineValve.java:74)
at org.apache.catalina.connector.CoyoteAdapter.service(CoyoteAdapter.java:344)
at org.apache.coyote.http11.Http11Processor.service(Http11Processor.java:397)
at org.apache.coyote.AbstractProcessorLight.process(AbstractProcessorLight.java:63)
at org.apache.coyote.AbstractProtocol$ConnectionHandler.process(AbstractProtocol.java:905)
at org.apache.tomcat.util.net.NioEndpoint$SocketProcessor.doRun(NioEndpoint.java:1743)
at org.apache.tomcat.util.net.SocketProcessorBase.run(SocketProcessorBase.java:52)
at org.apache.tomcat.util.threads.ThreadPoolExecutor.runWorker(ThreadPoolExecutor.java:1190)
at org.apache.tomcat.util.threads.ThreadPoolExecutor$Worker.run(ThreadPoolExecutor.java:659)
at org.apache.tomcat.util.threads.TaskThread$WrappingRunnable.run(TaskThread.java:63)
at java.base/java.lang.Thread.run(Thread.java:1583)
Caused by: java.lang.IllegalStateException: For queries with named parameters you need to provide
names for method parameters; Use @Param for query method parameters, or when on Java 8+ use the
javac flag -parameters
at
org.springframework.data.jpa.repository.query.QueryParameterSetterFactory.lambda$1(QueryParameterSet
erFactory.java:137)
at java.base/java.util.Optional.orElseThrow(Optional.java:403)
at
org.springframework.data.jpa.repository.query.QueryParameterSetterFactory.getRequiredName(QueryParam
terSetterFactory.java:137)
at
org.springframework.data.jpa.repository.query.QueryParameterSetterFactory.findParameterForBinding(Qu
ryParameterSetterFactory.java:128)
at
org.springframework.data.jpa.repository.query.QueryParameterSetterFactory$BasicQueryParameterSetterF
ctory.create(QueryParameterSetterFactory.java:244)
at
org.springframework.data.jpa.repository.query.ParameterBinderFactory.createQueryParameterSetter(Para
eterBinderFactory.java:146)
at
org.springframework.data.jpa.repository.query.ParameterBinderFactory.createSetters(ParameterBinderFa
tory.java:135)
at
org.springframework.data.jpa.repository.query.ParameterBinderFactory.createQueryAwareBinder(Paramete
BinderFactory.java:102)
at
org.springframework.data.jpa.repository.query.AbstractStringBasedJpaQuery.createBinder(AbstractStrin
BasedJpaQuery.java:141)
at
org.springframework.data.jpa.repository.query.AbstractStringBasedJpaQuery.createBinder(AbstractStrin
BasedJpaQuery.java:137)
at org.springframework.data.util.Lazy.getNullable(Lazy.java:135)
at org.springframework.data.util.Lazy.get(Lazy.java:113)
at
org.springframework.data.jpa.repository.query.AbstractStringBasedJpaQuery.doCreateQuery(AbstractStri
gBasedJpaQuery.java:128)
at
org.springframework.data.jpa.repository.query.AbstractJpaQuery.createQuery(AbstractJpaQuery.java:243
at
org.springframework.data.jpa.repository.query.JpaQueryExecution$CollectionExecution.doExecute(JpaQue
yExecution.java:130)
at
org.springframework.data.jpa.repository.query.JpaQueryExecution.execute(JpaQueryExecution.java:93)
at
org.springframework.data.jpa.repository.query.AbstractJpaQuery.doExecute(AbstractJpaQuery.java:152)
at
org.springframework.data.jpa.repository.query.AbstractJpaQuery.execute(AbstractJpaQuery.java:140)
at
org.springframework.data.repository.core.support.RepositoryMethodInvoker.doInvoke(RepositoryMethodIn
oker.java:170)
at
org.springframework.data.repository.core.support.RepositoryMethodInvoker.invoke(RepositoryMethodInvo
er.java:158)
at
org.springframework.data.repository.core.support.QueryExecutorMethodInterceptor.doInvoke(QueryExecut
rMethodInterceptor.java:170)
at
org.springframework.data.repository.core.support.QueryExecutorMethodInterceptor.invoke(QueryExecutor
ethodInterceptor.java:149)
at
org.springframework.aop.framework.ReflectiveMethodInvocation.proceed(ReflectiveMethodInvocation.java
184)
at
org.springframework.data.projection.DefaultMethodInvokingMethodInterceptor.invoke(DefaultMethodInvok
ngMethodInterceptor.java:69)
at
org.springframework.aop.framework.ReflectiveMethodInvocation.proceed(ReflectiveMethodInvocation.java
184)
at
org.springframework.transaction.interceptor.TransactionAspectSupport.invokeWithinTransaction(Transac
ionAspectSupport.java:380)
at
org.springframework.transaction.interceptor.TransactionInterceptor.invoke(TransactionInterceptor.jav
:119)
at
org.springframework.aop.framework.ReflectiveMethodInvocation.proceed(ReflectiveMethodInvocation.java
184)
at
org.springframework.dao.support.PersistenceExceptionTranslationInterceptor.invoke(PersistenceExcepti
nTranslationInterceptor.java:138)
... 102 common frames omitted
2025-05-23 15:23:15 - INFO - p.config.LoggingAspect - Exiting method: findAllByStatusPurpose
2025-05-23 15:23:15 - ERROR - p.config.LoggingAspect - Error in method: getAllStatuses
org.springframework.dao.InvalidDataAccessApiUsageException: For queries with named parameters you
need to provide names for method parameters; Use @Param for query method parameters, or when on Java
8+ use the javac flag -parameters
at
org.springframework.orm.jpa.EntityManagerFactoryUtils.convertJpaAccessExceptionIfPossible(EntityMana
erFactoryUtils.java:368)
at
org.springframework.orm.jpa.vendor.HibernateJpaDialect.translateExceptionIfPossible(HibernateJpaDial
ct.java:246)
at
org.springframework.orm.jpa.AbstractEntityManagerFactoryBean.translateExceptionIfPossible(AbstractEn
ityManagerFactoryBean.java:560)
at
org.springframework.dao.support.ChainedPersistenceExceptionTranslator.translateExceptionIfPossible(C
ainedPersistenceExceptionTranslator.java:61)
at org.springframework.dao.support.DataAccessUtils.translateIfNecessary(DataAccessUtils.java:343)
at
org.springframework.dao.support.PersistenceExceptionTranslationInterceptor.invoke(PersistenceExcepti
nTranslationInterceptor.java:160)
at
org.springframework.aop.framework.ReflectiveMethodInvocation.proceed(ReflectiveMethodInvocation.java
184)
at
org.springframework.data.jpa.repository.support.CrudMethodMetadataPostProcessor$CrudMethodMetadataPo
ulatingMethodInterceptor.invoke(CrudMethodMetadataPostProcessor.java:136)
at
org.springframework.aop.framework.ReflectiveMethodInvocation.proceed(ReflectiveMethodInvocation.java
184)
at org.springframework.aop.framework.JdkDynamicAopProxy.invoke(JdkDynamicAopProxy.java:223)
at jdk.proxy2/jdk.proxy2.$Proxy140.findAllByStatusPurpose(Unknown Source)
at
java.base/jdk.internal.reflect.DirectMethodHandleAccessor.invoke(DirectMethodHandleAccessor.java:103
at java.base/java.lang.reflect.Method.invoke(Method.java:580)
at org.springframework.aop.support.AopUtils.invokeJoinpointUsingReflection(AopUtils.java:359)
at
org.springframework.aop.framework.ReflectiveMethodInvocation.invokeJoinpoint(ReflectiveMethodInvocat
on.java:196)
at
org.springframework.aop.framework.ReflectiveMethodInvocation.proceed(ReflectiveMethodInvocation.java
163)
at
org.springframework.dao.support.PersistenceExceptionTranslationInterceptor.invoke(PersistenceExcepti
nTranslationInterceptor.java:138)
at
org.springframework.aop.framework.ReflectiveMethodInvocation.proceed(ReflectiveMethodInvocation.java
184)
at
org.springframework.aop.aspectj.AspectJAfterThrowingAdvice.invoke(AspectJAfterThrowingAdvice.java:64
at
org.springframework.aop.framework.ReflectiveMethodInvocation.proceed(ReflectiveMethodInvocation.java
184)
at org.springframework.aop.aspectj.AspectJAfterAdvice.invoke(AspectJAfterAdvice.java:49)
at
org.springframework.aop.framework.ReflectiveMethodInvocation.proceed(ReflectiveMethodInvocation.java
184)
at
org.springframework.aop.framework.adapter.MethodBeforeAdviceInterceptor.invoke(MethodBeforeAdviceInt
rceptor.java:58)
at
org.springframework.aop.framework.ReflectiveMethodInvocation.proceed(ReflectiveMethodInvocation.java
184)
at
org.springframework.aop.interceptor.ExposeInvocationInterceptor.invoke(ExposeInvocationInterceptor.j
va:97)
at
org.springframework.aop.framework.ReflectiveMethodInvocation.proceed(ReflectiveMethodInvocation.java
184)
at org.springframework.aop.framework.JdkDynamicAopProxy.invoke(JdkDynamicAopProxy.java:223)
at jdk.proxy2/jdk.proxy2.$Proxy140.findAllByStatusPurpose(Unknown Source)
at project_tracker_backend.service.StatusService.getAllStatuses(StatusService.java:68)
at
java.base/jdk.internal.reflect.DirectMethodHandleAccessor.invoke(DirectMethodHandleAccessor.java:103
at java.base/java.lang.reflect.Method.invoke(Method.java:580)
at org.springframework.aop.support.AopUtils.invokeJoinpointUsingReflection(AopUtils.java:359)
at
org.springframework.aop.framework.ReflectiveMethodInvocation.invokeJoinpoint(ReflectiveMethodInvocat
on.java:196)
at
org.springframework.aop.framework.ReflectiveMethodInvocation.proceed(ReflectiveMethodInvocation.java
163)
at
org.springframework.aop.aspectj.AspectJAfterThrowingAdvice.invoke(AspectJAfterThrowingAdvice.java:64
at
org.springframework.aop.framework.ReflectiveMethodInvocation.proceed(ReflectiveMethodInvocation.java
184)
at org.springframework.aop.aspectj.AspectJAfterAdvice.invoke(AspectJAfterAdvice.java:49)
at
org.springframework.aop.framework.ReflectiveMethodInvocation.proceed(ReflectiveMethodInvocation.java
184)
at
org.springframework.aop.framework.adapter.MethodBeforeAdviceInterceptor.invoke(MethodBeforeAdviceInt
rceptor.java:58)
at
org.springframework.aop.framework.ReflectiveMethodInvocation.proceed(ReflectiveMethodInvocation.java
184)
at
org.springframework.aop.interceptor.ExposeInvocationInterceptor.invoke(ExposeInvocationInterceptor.j
va:97)
at
org.springframework.aop.framework.ReflectiveMethodInvocation.proceed(ReflectiveMethodInvocation.java
184)
at
org.springframework.aop.framework.CglibAopProxy$DynamicAdvisedInterceptor.intercept(CglibAopProxy.ja
a:727)
at project_tracker_backend.service.StatusService$$SpringCGLIB$$0.getAllStatuses(<generated>)
at project_tracker_backend.controller.StatusController.getAllStatuses(StatusController.java:39)
at
java.base/jdk.internal.reflect.DirectMethodHandleAccessor.invoke(DirectMethodHandleAccessor.java:103
at java.base/java.lang.reflect.Method.invoke(Method.java:580)
at org.springframework.aop.support.AopUtils.invokeJoinpointUsingReflection(AopUtils.java:359)
at
org.springframework.aop.framework.ReflectiveMethodInvocation.invokeJoinpoint(ReflectiveMethodInvocat
on.java:196)
at
org.springframework.aop.framework.ReflectiveMethodInvocation.proceed(ReflectiveMethodInvocation.java
163)
at
org.springframework.aop.aspectj.AspectJAfterThrowingAdvice.invoke(AspectJAfterThrowingAdvice.java:64
at
org.springframework.aop.framework.ReflectiveMethodInvocation.proceed(ReflectiveMethodInvocation.java
184)
at org.springframework.aop.aspectj.AspectJAfterAdvice.invoke(AspectJAfterAdvice.java:49)
at
org.springframework.aop.framework.ReflectiveMethodInvocation.proceed(ReflectiveMethodInvocation.java
184)
at
org.springframework.aop.framework.adapter.MethodBeforeAdviceInterceptor.invoke(MethodBeforeAdviceInt
rceptor.java:58)
at
org.springframework.aop.framework.ReflectiveMethodInvocation.proceed(ReflectiveMethodInvocation.java
184)
at
org.springframework.aop.interceptor.ExposeInvocationInterceptor.invoke(ExposeInvocationInterceptor.j
va:97)
at
org.springframework.aop.framework.ReflectiveMethodInvocation.proceed(ReflectiveMethodInvocation.java
184)
at
org.springframework.aop.framework.CglibAopProxy$DynamicAdvisedInterceptor.intercept(CglibAopProxy.ja
a:727)
at project_tracker_backend.controller.StatusController$$SpringCGLIB$$0.getAllStatuses(<generated>)
at
java.base/jdk.internal.reflect.DirectMethodHandleAccessor.invoke(DirectMethodHandleAccessor.java:103
at java.base/java.lang.reflect.Method.invoke(Method.java:580)
at
org.springframework.web.method.support.InvocableHandlerMethod.doInvoke(InvocableHandlerMethod.java:2
8)
at
org.springframework.web.method.support.InvocableHandlerMethod.invokeForRequest(InvocableHandlerMetho
.java:191)
at
org.springframework.web.servlet.mvc.method.annotation.ServletInvocableHandlerMethod.invokeAndHandle(
ervletInvocableHandlerMethod.java:118)
at
org.springframework.web.servlet.mvc.method.annotation.RequestMappingHandlerAdapter.invokeHandlerMeth
d(RequestMappingHandlerAdapter.java:986)
at
org.springframework.web.servlet.mvc.method.annotation.RequestMappingHandlerAdapter.handleInternal(Re
uestMappingHandlerAdapter.java:891)
at
org.springframework.web.servlet.mvc.method.AbstractHandlerMethodAdapter.handle(AbstractHandlerMethod
dapter.java:87)
at org.springframework.web.servlet.DispatcherServlet.doDispatch(DispatcherServlet.java:1089)
at org.springframework.web.servlet.DispatcherServlet.doService(DispatcherServlet.java:979)
at org.springframework.web.servlet.FrameworkServlet.processRequest(FrameworkServlet.java:1014)
at org.springframework.web.servlet.FrameworkServlet.doGet(FrameworkServlet.java:903)
at jakarta.servlet.http.HttpServlet.service(HttpServlet.java:564)
at org.springframework.web.servlet.FrameworkServlet.service(FrameworkServlet.java:885)
at jakarta.servlet.http.HttpServlet.service(HttpServlet.java:658)
at
org.apache.catalina.core.ApplicationFilterChain.internalDoFilter(ApplicationFilterChain.java:195)
at org.apache.catalina.core.ApplicationFilterChain.doFilter(ApplicationFilterChain.java:140)
at org.apache.tomcat.websocket.server.WsFilter.doFilter(WsFilter.java:51)
at
org.apache.catalina.core.ApplicationFilterChain.internalDoFilter(ApplicationFilterChain.java:164)
at org.apache.catalina.core.ApplicationFilterChain.doFilter(ApplicationFilterChain.java:140)
at
org.springframework.web.filter.RequestContextFilter.doFilterInternal(RequestContextFilter.java:100)
at org.springframework.web.filter.OncePerRequestFilter.doFilter(OncePerRequestFilter.java:116)
at
org.apache.catalina.core.ApplicationFilterChain.internalDoFilter(ApplicationFilterChain.java:164)
at org.apache.catalina.core.ApplicationFilterChain.doFilter(ApplicationFilterChain.java:140)
at org.springframework.web.filter.FormContentFilter.doFilterInternal(FormContentFilter.java:93)
at org.springframework.web.filter.OncePerRequestFilter.doFilter(OncePerRequestFilter.java:116)
at
org.apache.catalina.core.ApplicationFilterChain.internalDoFilter(ApplicationFilterChain.java:164)
at org.apache.catalina.core.ApplicationFilterChain.doFilter(ApplicationFilterChain.java:140)
at
org.springframework.web.filter.CharacterEncodingFilter.doFilterInternal(CharacterEncodingFilter.java
201)
at org.springframework.web.filter.OncePerRequestFilter.doFilter(OncePerRequestFilter.java:116)
at
org.apache.catalina.core.ApplicationFilterChain.internalDoFilter(ApplicationFilterChain.java:164)
at org.apache.catalina.core.ApplicationFilterChain.doFilter(ApplicationFilterChain.java:140)
at org.apache.catalina.core.StandardWrapperValve.invoke(StandardWrapperValve.java:167)
at org.apache.catalina.core.StandardContextValve.invoke(StandardContextValve.java:90)
at org.apache.catalina.authenticator.AuthenticatorBase.invoke(AuthenticatorBase.java:483)
at org.apache.catalina.core.StandardHostValve.invoke(StandardHostValve.java:115)
at org.apache.catalina.valves.ErrorReportValve.invoke(ErrorReportValve.java:93)
at org.apache.catalina.core.StandardEngineValve.invoke(StandardEngineValve.java:74)
at org.apache.catalina.connector.CoyoteAdapter.service(CoyoteAdapter.java:344)
at org.apache.coyote.http11.Http11Processor.service(Http11Processor.java:397)
at org.apache.coyote.AbstractProcessorLight.process(AbstractProcessorLight.java:63)
at org.apache.coyote.AbstractProtocol$ConnectionHandler.process(AbstractProtocol.java:905)
at org.apache.tomcat.util.net.NioEndpoint$SocketProcessor.doRun(NioEndpoint.java:1743)
at org.apache.tomcat.util.net.SocketProcessorBase.run(SocketProcessorBase.java:52)
at org.apache.tomcat.util.threads.ThreadPoolExecutor.runWorker(ThreadPoolExecutor.java:1190)
at org.apache.tomcat.util.threads.ThreadPoolExecutor$Worker.run(ThreadPoolExecutor.java:659)
at org.apache.tomcat.util.threads.TaskThread$WrappingRunnable.run(TaskThread.java:63)
at java.base/java.lang.Thread.run(Thread.java:1583)
Caused by: java.lang.IllegalStateException: For queries with named parameters you need to provide
names for method parameters; Use @Param for query method parameters, or when on Java 8+ use the
javac flag -parameters
at
org.springframework.data.jpa.repository.query.QueryParameterSetterFactory.lambda$1(QueryParameterSet
erFactory.java:137)
at java.base/java.util.Optional.orElseThrow(Optional.java:403)
at
org.springframework.data.jpa.repository.query.QueryParameterSetterFactory.getRequiredName(QueryParam
terSetterFactory.java:137)
at
org.springframework.data.jpa.repository.query.QueryParameterSetterFactory.findParameterForBinding(Qu
ryParameterSetterFactory.java:128)
at
org.springframework.data.jpa.repository.query.QueryParameterSetterFactory$BasicQueryParameterSetterF
ctory.create(QueryParameterSetterFactory.java:244)
at
org.springframework.data.jpa.repository.query.ParameterBinderFactory.createQueryParameterSetter(Para
eterBinderFactory.java:146)
at
org.springframework.data.jpa.repository.query.ParameterBinderFactory.createSetters(ParameterBinderFa
tory.java:135)
at
org.springframework.data.jpa.repository.query.ParameterBinderFactory.createQueryAwareBinder(Paramete
BinderFactory.java:102)
at
org.springframework.data.jpa.repository.query.AbstractStringBasedJpaQuery.createBinder(AbstractStrin
BasedJpaQuery.java:141)
at
org.springframework.data.jpa.repository.query.AbstractStringBasedJpaQuery.createBinder(AbstractStrin
BasedJpaQuery.java:137)
at org.springframework.data.util.Lazy.getNullable(Lazy.java:135)
at org.springframework.data.util.Lazy.get(Lazy.java:113)
at
org.springframework.data.jpa.repository.query.AbstractStringBasedJpaQuery.doCreateQuery(AbstractStri
gBasedJpaQuery.java:128)
at
org.springframework.data.jpa.repository.query.AbstractJpaQuery.createQuery(AbstractJpaQuery.java:243
at
org.springframework.data.jpa.repository.query.JpaQueryExecution$CollectionExecution.doExecute(JpaQue
yExecution.java:130)
at
org.springframework.data.jpa.repository.query.JpaQueryExecution.execute(JpaQueryExecution.java:93)
at
org.springframework.data.jpa.repository.query.AbstractJpaQuery.doExecute(AbstractJpaQuery.java:152)
at
org.springframework.data.jpa.repository.query.AbstractJpaQuery.execute(AbstractJpaQuery.java:140)
at
org.springframework.data.repository.core.support.RepositoryMethodInvoker.doInvoke(RepositoryMethodIn
oker.java:170)
at
org.springframework.data.repository.core.support.RepositoryMethodInvoker.invoke(RepositoryMethodInvo
er.java:158)
at
org.springframework.data.repository.core.support.QueryExecutorMethodInterceptor.doInvoke(QueryExecut
rMethodInterceptor.java:170)
at
org.springframework.data.repository.core.support.QueryExecutorMethodInterceptor.invoke(QueryExecutor
ethodInterceptor.java:149)
at
org.springframework.aop.framework.ReflectiveMethodInvocation.proceed(ReflectiveMethodInvocation.java
184)
at
org.springframework.data.projection.DefaultMethodInvokingMethodInterceptor.invoke(DefaultMethodInvok
ngMethodInterceptor.java:69)
at
org.springframework.aop.framework.ReflectiveMethodInvocation.proceed(ReflectiveMethodInvocation.java
184)
at
org.springframework.transaction.interceptor.TransactionAspectSupport.invokeWithinTransaction(Transac
ionAspectSupport.java:380)
at
org.springframework.transaction.interceptor.TransactionInterceptor.invoke(TransactionInterceptor.jav
:119)
at
org.springframework.aop.framework.ReflectiveMethodInvocation.proceed(ReflectiveMethodInvocation.java
184)
at
org.springframework.dao.support.PersistenceExceptionTranslationInterceptor.invoke(PersistenceExcepti
nTranslationInterceptor.java:138)
... 102 common frames omitted
2025-05-23 15:23:15 - INFO - p.config.LoggingAspect - Exiting method: getAllStatuses
2025-05-23 15:23:15 - ERROR - p.config.LoggingAspect - Error in method: getAllStatuses
org.springframework.dao.InvalidDataAccessApiUsageException: For queries with named parameters you
need to provide names for method parameters; Use @Param for query method parameters, or when on Java
8+ use the javac flag -parameters
at
org.springframework.orm.jpa.EntityManagerFactoryUtils.convertJpaAccessExceptionIfPossible(EntityMana
erFactoryUtils.java:368)
at
org.springframework.orm.jpa.vendor.HibernateJpaDialect.translateExceptionIfPossible(HibernateJpaDial
ct.java:246)
at
org.springframework.orm.jpa.AbstractEntityManagerFactoryBean.translateExceptionIfPossible(AbstractEn
ityManagerFactoryBean.java:560)
at
org.springframework.dao.support.ChainedPersistenceExceptionTranslator.translateExceptionIfPossible(C
ainedPersistenceExceptionTranslator.java:61)
at org.springframework.dao.support.DataAccessUtils.translateIfNecessary(DataAccessUtils.java:343)
at
org.springframework.dao.support.PersistenceExceptionTranslationInterceptor.invoke(PersistenceExcepti
nTranslationInterceptor.java:160)
at
org.springframework.aop.framework.ReflectiveMethodInvocation.proceed(ReflectiveMethodInvocation.java
184)
at
org.springframework.data.jpa.repository.support.CrudMethodMetadataPostProcessor$CrudMethodMetadataPo
ulatingMethodInterceptor.invoke(CrudMethodMetadataPostProcessor.java:136)
at
org.springframework.aop.framework.ReflectiveMethodInvocation.proceed(ReflectiveMethodInvocation.java
184)
at org.springframework.aop.framework.JdkDynamicAopProxy.invoke(JdkDynamicAopProxy.java:223)
at jdk.proxy2/jdk.proxy2.$Proxy140.findAllByStatusPurpose(Unknown Source)
at
java.base/jdk.internal.reflect.DirectMethodHandleAccessor.invoke(DirectMethodHandleAccessor.java:103
at java.base/java.lang.reflect.Method.invoke(Method.java:580)
at org.springframework.aop.support.AopUtils.invokeJoinpointUsingReflection(AopUtils.java:359)
at
org.springframework.aop.framework.ReflectiveMethodInvocation.invokeJoinpoint(ReflectiveMethodInvocat
on.java:196)
at
org.springframework.aop.framework.ReflectiveMethodInvocation.proceed(ReflectiveMethodInvocation.java
163)
at
org.springframework.dao.support.PersistenceExceptionTranslationInterceptor.invoke(PersistenceExcepti
nTranslationInterceptor.java:138)
at
org.springframework.aop.framework.ReflectiveMethodInvocation.proceed(ReflectiveMethodInvocation.java
184)
at
org.springframework.aop.aspectj.AspectJAfterThrowingAdvice.invoke(AspectJAfterThrowingAdvice.java:64
at
org.springframework.aop.framework.ReflectiveMethodInvocation.proceed(ReflectiveMethodInvocation.java
184)
at org.springframework.aop.aspectj.AspectJAfterAdvice.invoke(AspectJAfterAdvice.java:49)
at
org.springframework.aop.framework.ReflectiveMethodInvocation.proceed(ReflectiveMethodInvocation.java
184)
at
org.springframework.aop.framework.adapter.MethodBeforeAdviceInterceptor.invoke(MethodBeforeAdviceInt
rceptor.java:58)
at
org.springframework.aop.framework.ReflectiveMethodInvocation.proceed(ReflectiveMethodInvocation.java
184)
at
org.springframework.aop.interceptor.ExposeInvocationInterceptor.invoke(ExposeInvocationInterceptor.j
va:97)
at
org.springframework.aop.framework.ReflectiveMethodInvocation.proceed(ReflectiveMethodInvocation.java
184)
at org.springframework.aop.framework.JdkDynamicAopProxy.invoke(JdkDynamicAopProxy.java:223)
at jdk.proxy2/jdk.proxy2.$Proxy140.findAllByStatusPurpose(Unknown Source)
at project_tracker_backend.service.StatusService.getAllStatuses(StatusService.java:68)
at
java.base/jdk.internal.reflect.DirectMethodHandleAccessor.invoke(DirectMethodHandleAccessor.java:103
at java.base/java.lang.reflect.Method.invoke(Method.java:580)
at org.springframework.aop.support.AopUtils.invokeJoinpointUsingReflection(AopUtils.java:359)
at
org.springframework.aop.framework.ReflectiveMethodInvocation.invokeJoinpoint(ReflectiveMethodInvocat
on.java:196)
at
org.springframework.aop.framework.ReflectiveMethodInvocation.proceed(ReflectiveMethodInvocation.java
163)
at
org.springframework.aop.aspectj.AspectJAfterThrowingAdvice.invoke(AspectJAfterThrowingAdvice.java:64
at
org.springframework.aop.framework.ReflectiveMethodInvocation.proceed(ReflectiveMethodInvocation.java
184)
at org.springframework.aop.aspectj.AspectJAfterAdvice.invoke(AspectJAfterAdvice.java:49)
at
org.springframework.aop.framework.ReflectiveMethodInvocation.proceed(ReflectiveMethodInvocation.java
184)
at
org.springframework.aop.framework.adapter.MethodBeforeAdviceInterceptor.invoke(MethodBeforeAdviceInt
rceptor.java:58)
at
org.springframework.aop.framework.ReflectiveMethodInvocation.proceed(ReflectiveMethodInvocation.java
184)
at
org.springframework.aop.interceptor.ExposeInvocationInterceptor.invoke(ExposeInvocationInterceptor.j
va:97)
at
org.springframework.aop.framework.ReflectiveMethodInvocation.proceed(ReflectiveMethodInvocation.java
184)
at
org.springframework.aop.framework.CglibAopProxy$DynamicAdvisedInterceptor.intercept(CglibAopProxy.ja
a:727)
at project_tracker_backend.service.StatusService$$SpringCGLIB$$0.getAllStatuses(<generated>)
at project_tracker_backend.controller.StatusController.getAllStatuses(StatusController.java:39)
at
java.base/jdk.internal.reflect.DirectMethodHandleAccessor.invoke(DirectMethodHandleAccessor.java:103
at java.base/java.lang.reflect.Method.invoke(Method.java:580)
at org.springframework.aop.support.AopUtils.invokeJoinpointUsingReflection(AopUtils.java:359)
at
org.springframework.aop.framework.ReflectiveMethodInvocation.invokeJoinpoint(ReflectiveMethodInvocat
on.java:196)
at
org.springframework.aop.framework.ReflectiveMethodInvocation.proceed(ReflectiveMethodInvocation.java
163)
at
org.springframework.aop.aspectj.AspectJAfterThrowingAdvice.invoke(AspectJAfterThrowingAdvice.java:64
at
org.springframework.aop.framework.ReflectiveMethodInvocation.proceed(ReflectiveMethodInvocation.java
184)
at org.springframework.aop.aspectj.AspectJAfterAdvice.invoke(AspectJAfterAdvice.java:49)
at
org.springframework.aop.framework.ReflectiveMethodInvocation.proceed(ReflectiveMethodInvocation.java
184)
at
org.springframework.aop.framework.adapter.MethodBeforeAdviceInterceptor.invoke(MethodBeforeAdviceInt
rceptor.java:58)
at
org.springframework.aop.framework.ReflectiveMethodInvocation.proceed(ReflectiveMethodInvocation.java
184)
at
org.springframework.aop.interceptor.ExposeInvocationInterceptor.invoke(ExposeInvocationInterceptor.j
va:97)
at
org.springframework.aop.framework.ReflectiveMethodInvocation.proceed(ReflectiveMethodInvocation.java
184)
at
org.springframework.aop.framework.CglibAopProxy$DynamicAdvisedInterceptor.intercept(CglibAopProxy.ja
a:727)
at project_tracker_backend.controller.StatusController$$SpringCGLIB$$0.getAllStatuses(<generated>)
at
java.base/jdk.internal.reflect.DirectMethodHandleAccessor.invoke(DirectMethodHandleAccessor.java:103
at java.base/java.lang.reflect.Method.invoke(Method.java:580)
at
org.springframework.web.method.support.InvocableHandlerMethod.doInvoke(InvocableHandlerMethod.java:2
8)
at
org.springframework.web.method.support.InvocableHandlerMethod.invokeForRequest(InvocableHandlerMetho
.java:191)
at
org.springframework.web.servlet.mvc.method.annotation.ServletInvocableHandlerMethod.invokeAndHandle(
ervletInvocableHandlerMethod.java:118)
at
org.springframework.web.servlet.mvc.method.annotation.RequestMappingHandlerAdapter.invokeHandlerMeth
d(RequestMappingHandlerAdapter.java:986)
at
org.springframework.web.servlet.mvc.method.annotation.RequestMappingHandlerAdapter.handleInternal(Re
uestMappingHandlerAdapter.java:891)
at
org.springframework.web.servlet.mvc.method.AbstractHandlerMethodAdapter.handle(AbstractHandlerMethod
dapter.java:87)
at org.springframework.web.servlet.DispatcherServlet.doDispatch(DispatcherServlet.java:1089)
at org.springframework.web.servlet.DispatcherServlet.doService(DispatcherServlet.java:979)
at org.springframework.web.servlet.FrameworkServlet.processRequest(FrameworkServlet.java:1014)
at org.springframework.web.servlet.FrameworkServlet.doGet(FrameworkServlet.java:903)
at jakarta.servlet.http.HttpServlet.service(HttpServlet.java:564)
at org.springframework.web.servlet.FrameworkServlet.service(FrameworkServlet.java:885)
at jakarta.servlet.http.HttpServlet.service(HttpServlet.java:658)
at
org.apache.catalina.core.ApplicationFilterChain.internalDoFilter(ApplicationFilterChain.java:195)
at org.apache.catalina.core.ApplicationFilterChain.doFilter(ApplicationFilterChain.java:140)
at org.apache.tomcat.websocket.server.WsFilter.doFilter(WsFilter.java:51)
at
org.apache.catalina.core.ApplicationFilterChain.internalDoFilter(ApplicationFilterChain.java:164)
at org.apache.catalina.core.ApplicationFilterChain.doFilter(ApplicationFilterChain.java:140)
at
org.springframework.web.filter.RequestContextFilter.doFilterInternal(RequestContextFilter.java:100)
at org.springframework.web.filter.OncePerRequestFilter.doFilter(OncePerRequestFilter.java:116)
at
org.apache.catalina.core.ApplicationFilterChain.internalDoFilter(ApplicationFilterChain.java:164)
at org.apache.catalina.core.ApplicationFilterChain.doFilter(ApplicationFilterChain.java:140)
at org.springframework.web.filter.FormContentFilter.doFilterInternal(FormContentFilter.java:93)
at org.springframework.web.filter.OncePerRequestFilter.doFilter(OncePerRequestFilter.java:116)
at
org.apache.catalina.core.ApplicationFilterChain.internalDoFilter(ApplicationFilterChain.java:164)
at org.apache.catalina.core.ApplicationFilterChain.doFilter(ApplicationFilterChain.java:140)
at
org.springframework.web.filter.CharacterEncodingFilter.doFilterInternal(CharacterEncodingFilter.java
201)
at org.springframework.web.filter.OncePerRequestFilter.doFilter(OncePerRequestFilter.java:116)
at
org.apache.catalina.core.ApplicationFilterChain.internalDoFilter(ApplicationFilterChain.java:164)
at org.apache.catalina.core.ApplicationFilterChain.doFilter(ApplicationFilterChain.java:140)
at org.apache.catalina.core.StandardWrapperValve.invoke(StandardWrapperValve.java:167)
at org.apache.catalina.core.StandardContextValve.invoke(StandardContextValve.java:90)
at org.apache.catalina.authenticator.AuthenticatorBase.invoke(AuthenticatorBase.java:483)
at org.apache.catalina.core.StandardHostValve.invoke(StandardHostValve.java:115)
at org.apache.catalina.valves.ErrorReportValve.invoke(ErrorReportValve.java:93)
at org.apache.catalina.core.StandardEngineValve.invoke(StandardEngineValve.java:74)
at org.apache.catalina.connector.CoyoteAdapter.service(CoyoteAdapter.java:344)
at org.apache.coyote.http11.Http11Processor.service(Http11Processor.java:397)
at org.apache.coyote.AbstractProcessorLight.process(AbstractProcessorLight.java:63)
at org.apache.coyote.AbstractProtocol$ConnectionHandler.process(AbstractProtocol.java:905)
at org.apache.tomcat.util.net.NioEndpoint$SocketProcessor.doRun(NioEndpoint.java:1743)
at org.apache.tomcat.util.net.SocketProcessorBase.run(SocketProcessorBase.java:52)
at org.apache.tomcat.util.threads.ThreadPoolExecutor.runWorker(ThreadPoolExecutor.java:1190)
at org.apache.tomcat.util.threads.ThreadPoolExecutor$Worker.run(ThreadPoolExecutor.java:659)
at org.apache.tomcat.util.threads.TaskThread$WrappingRunnable.run(TaskThread.java:63)
at java.base/java.lang.Thread.run(Thread.java:1583)
Caused by: java.lang.IllegalStateException: For queries with named parameters you need to provide
names for method parameters; Use @Param for query method parameters, or when on Java 8+ use the
javac flag -parameters
at
org.springframework.data.jpa.repository.query.QueryParameterSetterFactory.lambda$1(QueryParameterSet
erFactory.java:137)
at java.base/java.util.Optional.orElseThrow(Optional.java:403)
at
org.springframework.data.jpa.repository.query.QueryParameterSetterFactory.getRequiredName(QueryParam
terSetterFactory.java:137)
at
org.springframework.data.jpa.repository.query.QueryParameterSetterFactory.findParameterForBinding(Qu
ryParameterSetterFactory.java:128)
at
org.springframework.data.jpa.repository.query.QueryParameterSetterFactory$BasicQueryParameterSetterF
ctory.create(QueryParameterSetterFactory.java:244)
at
org.springframework.data.jpa.repository.query.ParameterBinderFactory.createQueryParameterSetter(Para
eterBinderFactory.java:146)
at
org.springframework.data.jpa.repository.query.ParameterBinderFactory.createSetters(ParameterBinderFa
tory.java:135)
at
org.springframework.data.jpa.repository.query.ParameterBinderFactory.createQueryAwareBinder(Paramete
BinderFactory.java:102)
at
org.springframework.data.jpa.repository.query.AbstractStringBasedJpaQuery.createBinder(AbstractStrin
BasedJpaQuery.java:141)
at
org.springframework.data.jpa.repository.query.AbstractStringBasedJpaQuery.createBinder(AbstractStrin
BasedJpaQuery.java:137)
at org.springframework.data.util.Lazy.getNullable(Lazy.java:135)
at org.springframework.data.util.Lazy.get(Lazy.java:113)
at
org.springframework.data.jpa.repository.query.AbstractStringBasedJpaQuery.doCreateQuery(AbstractStri
gBasedJpaQuery.java:128)
at
org.springframework.data.jpa.repository.query.AbstractJpaQuery.createQuery(AbstractJpaQuery.java:243
at
org.springframework.data.jpa.repository.query.JpaQueryExecution$CollectionExecution.doExecute(JpaQue
yExecution.java:130)
at
org.springframework.data.jpa.repository.query.JpaQueryExecution.execute(JpaQueryExecution.java:93)
at
org.springframework.data.jpa.repository.query.AbstractJpaQuery.doExecute(AbstractJpaQuery.java:152)
at
org.springframework.data.jpa.repository.query.AbstractJpaQuery.execute(AbstractJpaQuery.java:140)
at
org.springframework.data.repository.core.support.RepositoryMethodInvoker.doInvoke(RepositoryMethodIn
oker.java:170)
at
org.springframework.data.repository.core.support.RepositoryMethodInvoker.invoke(RepositoryMethodInvo
er.java:158)
at
org.springframework.data.repository.core.support.QueryExecutorMethodInterceptor.doInvoke(QueryExecut
rMethodInterceptor.java:170)
at
org.springframework.data.repository.core.support.QueryExecutorMethodInterceptor.invoke(QueryExecutor
ethodInterceptor.java:149)
at
org.springframework.aop.framework.ReflectiveMethodInvocation.proceed(ReflectiveMethodInvocation.java
184)
at
org.springframework.data.projection.DefaultMethodInvokingMethodInterceptor.invoke(DefaultMethodInvok
ngMethodInterceptor.java:69)
at
org.springframework.aop.framework.ReflectiveMethodInvocation.proceed(ReflectiveMethodInvocation.java
184)
at
org.springframework.transaction.interceptor.TransactionAspectSupport.invokeWithinTransaction(Transac
ionAspectSupport.java:380)
at
org.springframework.transaction.interceptor.TransactionInterceptor.invoke(TransactionInterceptor.jav
:119)
at
org.springframework.aop.framework.ReflectiveMethodInvocation.proceed(ReflectiveMethodInvocation.java
184)
at
org.springframework.dao.support.PersistenceExceptionTranslationInterceptor.invoke(PersistenceExcepti
nTranslationInterceptor.java:138)
... 102 common frames omitted
2025-05-23 15:23:15 - INFO - p.config.LoggingAspect - Exiting method: getAllStatuses
2025-05-23 15:24:16 - INFO - p.config.LoggingAspect - Entering method: getAllStatuses
2025-05-23 15:24:16 - INFO - p.config.LoggingAspect - Entering method: getAllStatuses
2025-05-23 15:24:16 - INFO - p.config.LoggingAspect - Entering method: findAllByStatusPurpose
2025-05-23 15:24:16 - ERROR - p.config.LoggingAspect - Error in method: findAllByStatusPurpose
org.springframework.dao.InvalidDataAccessApiUsageException: For queries with named parameters you
need to provide names for method parameters; Use @Param for query method parameters, or when on Java
8+ use the javac flag -parameters
at
org.springframework.orm.jpa.EntityManagerFactoryUtils.convertJpaAccessExceptionIfPossible(EntityMana
erFactoryUtils.java:368)
at
org.springframework.orm.jpa.vendor.HibernateJpaDialect.translateExceptionIfPossible(HibernateJpaDial
ct.java:246)
at
org.springframework.orm.jpa.AbstractEntityManagerFactoryBean.translateExceptionIfPossible(AbstractEn
ityManagerFactoryBean.java:560)
at
org.springframework.dao.support.ChainedPersistenceExceptionTranslator.translateExceptionIfPossible(C
ainedPersistenceExceptionTranslator.java:61)
at org.springframework.dao.support.DataAccessUtils.translateIfNecessary(DataAccessUtils.java:343)
at
org.springframework.dao.support.PersistenceExceptionTranslationInterceptor.invoke(PersistenceExcepti
nTranslationInterceptor.java:160)
at
org.springframework.aop.framework.ReflectiveMethodInvocation.proceed(ReflectiveMethodInvocation.java
184)
at
org.springframework.data.jpa.repository.support.CrudMethodMetadataPostProcessor$CrudMethodMetadataPo
ulatingMethodInterceptor.invoke(CrudMethodMetadataPostProcessor.java:136)
at
org.springframework.aop.framework.ReflectiveMethodInvocation.proceed(ReflectiveMethodInvocation.java
184)
at org.springframework.aop.framework.JdkDynamicAopProxy.invoke(JdkDynamicAopProxy.java:223)
at jdk.proxy2/jdk.proxy2.$Proxy140.findAllByStatusPurpose(Unknown Source)
at
java.base/jdk.internal.reflect.DirectMethodHandleAccessor.invoke(DirectMethodHandleAccessor.java:103
at java.base/java.lang.reflect.Method.invoke(Method.java:580)
at org.springframework.aop.support.AopUtils.invokeJoinpointUsingReflection(AopUtils.java:359)
at
org.springframework.aop.framework.ReflectiveMethodInvocation.invokeJoinpoint(ReflectiveMethodInvocat
on.java:196)
at
org.springframework.aop.framework.ReflectiveMethodInvocation.proceed(ReflectiveMethodInvocation.java
163)
at
org.springframework.dao.support.PersistenceExceptionTranslationInterceptor.invoke(PersistenceExcepti
nTranslationInterceptor.java:138)
at
org.springframework.aop.framework.ReflectiveMethodInvocation.proceed(ReflectiveMethodInvocation.java
184)
at
org.springframework.aop.aspectj.AspectJAfterThrowingAdvice.invoke(AspectJAfterThrowingAdvice.java:64
at
org.springframework.aop.framework.ReflectiveMethodInvocation.proceed(ReflectiveMethodInvocation.java
184)
at org.springframework.aop.aspectj.AspectJAfterAdvice.invoke(AspectJAfterAdvice.java:49)
at
org.springframework.aop.framework.ReflectiveMethodInvocation.proceed(ReflectiveMethodInvocation.java
184)
at
org.springframework.aop.framework.adapter.MethodBeforeAdviceInterceptor.invoke(MethodBeforeAdviceInt
rceptor.java:58)
at
org.springframework.aop.framework.ReflectiveMethodInvocation.proceed(ReflectiveMethodInvocation.java
184)
at
org.springframework.aop.interceptor.ExposeInvocationInterceptor.invoke(ExposeInvocationInterceptor.j
va:97)
at
org.springframework.aop.framework.ReflectiveMethodInvocation.proceed(ReflectiveMethodInvocation.java
184)
at org.springframework.aop.framework.JdkDynamicAopProxy.invoke(JdkDynamicAopProxy.java:223)
at jdk.proxy2/jdk.proxy2.$Proxy140.findAllByStatusPurpose(Unknown Source)
at project_tracker_backend.service.StatusService.getAllStatuses(StatusService.java:68)
at
java.base/jdk.internal.reflect.DirectMethodHandleAccessor.invoke(DirectMethodHandleAccessor.java:103
at java.base/java.lang.reflect.Method.invoke(Method.java:580)
at org.springframework.aop.support.AopUtils.invokeJoinpointUsingReflection(AopUtils.java:359)
at
org.springframework.aop.framework.ReflectiveMethodInvocation.invokeJoinpoint(ReflectiveMethodInvocat
on.java:196)
at
org.springframework.aop.framework.ReflectiveMethodInvocation.proceed(ReflectiveMethodInvocation.java
163)
at
org.springframework.aop.aspectj.AspectJAfterThrowingAdvice.invoke(AspectJAfterThrowingAdvice.java:64
at
org.springframework.aop.framework.ReflectiveMethodInvocation.proceed(ReflectiveMethodInvocation.java
184)
at org.springframework.aop.aspectj.AspectJAfterAdvice.invoke(AspectJAfterAdvice.java:49)
at
org.springframework.aop.framework.ReflectiveMethodInvocation.proceed(ReflectiveMethodInvocation.java
184)
at
org.springframework.aop.framework.adapter.MethodBeforeAdviceInterceptor.invoke(MethodBeforeAdviceInt
rceptor.java:58)
at
org.springframework.aop.framework.ReflectiveMethodInvocation.proceed(ReflectiveMethodInvocation.java
184)
at
org.springframework.aop.interceptor.ExposeInvocationInterceptor.invoke(ExposeInvocationInterceptor.j
va:97)
at
org.springframework.aop.framework.ReflectiveMethodInvocation.proceed(ReflectiveMethodInvocation.java
184)
at
org.springframework.aop.framework.CglibAopProxy$DynamicAdvisedInterceptor.intercept(CglibAopProxy.ja
a:727)
at project_tracker_backend.service.StatusService$$SpringCGLIB$$0.getAllStatuses(<generated>)
at project_tracker_backend.controller.StatusController.getAllStatuses(StatusController.java:39)
at
java.base/jdk.internal.reflect.DirectMethodHandleAccessor.invoke(DirectMethodHandleAccessor.java:103
at java.base/java.lang.reflect.Method.invoke(Method.java:580)
at org.springframework.aop.support.AopUtils.invokeJoinpointUsingReflection(AopUtils.java:359)
at
org.springframework.aop.framework.ReflectiveMethodInvocation.invokeJoinpoint(ReflectiveMethodInvocat
on.java:196)
at
org.springframework.aop.framework.ReflectiveMethodInvocation.proceed(ReflectiveMethodInvocation.java
163)
at
org.springframework.aop.aspectj.AspectJAfterThrowingAdvice.invoke(AspectJAfterThrowingAdvice.java:64
at
org.springframework.aop.framework.ReflectiveMethodInvocation.proceed(ReflectiveMethodInvocation.java
184)
at org.springframework.aop.aspectj.AspectJAfterAdvice.invoke(AspectJAfterAdvice.java:49)
at
org.springframework.aop.framework.ReflectiveMethodInvocation.proceed(ReflectiveMethodInvocation.java
184)
at
org.springframework.aop.framework.adapter.MethodBeforeAdviceInterceptor.invoke(MethodBeforeAdviceInt
rceptor.java:58)
at
org.springframework.aop.framework.ReflectiveMethodInvocation.proceed(ReflectiveMethodInvocation.java
184)
at
org.springframework.aop.interceptor.ExposeInvocationInterceptor.invoke(ExposeInvocationInterceptor.j
va:97)
at
org.springframework.aop.framework.ReflectiveMethodInvocation.proceed(ReflectiveMethodInvocation.java
184)
at
org.springframework.aop.framework.CglibAopProxy$DynamicAdvisedInterceptor.intercept(CglibAopProxy.ja
a:727)
at project_tracker_backend.controller.StatusController$$SpringCGLIB$$0.getAllStatuses(<generated>)
at
java.base/jdk.internal.reflect.DirectMethodHandleAccessor.invoke(DirectMethodHandleAccessor.java:103
at java.base/java.lang.reflect.Method.invoke(Method.java:580)
at
org.springframework.web.method.support.InvocableHandlerMethod.doInvoke(InvocableHandlerMethod.java:2
8)
at
org.springframework.web.method.support.InvocableHandlerMethod.invokeForRequest(InvocableHandlerMetho
.java:191)
at
org.springframework.web.servlet.mvc.method.annotation.ServletInvocableHandlerMethod.invokeAndHandle(
ervletInvocableHandlerMethod.java:118)
at
org.springframework.web.servlet.mvc.method.annotation.RequestMappingHandlerAdapter.invokeHandlerMeth
d(RequestMappingHandlerAdapter.java:986)
at
org.springframework.web.servlet.mvc.method.annotation.RequestMappingHandlerAdapter.handleInternal(Re
uestMappingHandlerAdapter.java:891)
at
org.springframework.web.servlet.mvc.method.AbstractHandlerMethodAdapter.handle(AbstractHandlerMethod
dapter.java:87)
at org.springframework.web.servlet.DispatcherServlet.doDispatch(DispatcherServlet.java:1089)
at org.springframework.web.servlet.DispatcherServlet.doService(DispatcherServlet.java:979)
at org.springframework.web.servlet.FrameworkServlet.processRequest(FrameworkServlet.java:1014)
at org.springframework.web.servlet.FrameworkServlet.doGet(FrameworkServlet.java:903)
at jakarta.servlet.http.HttpServlet.service(HttpServlet.java:564)
at org.springframework.web.servlet.FrameworkServlet.service(FrameworkServlet.java:885)
at jakarta.servlet.http.HttpServlet.service(HttpServlet.java:658)
at
org.apache.catalina.core.ApplicationFilterChain.internalDoFilter(ApplicationFilterChain.java:195)
at org.apache.catalina.core.ApplicationFilterChain.doFilter(ApplicationFilterChain.java:140)
at org.apache.tomcat.websocket.server.WsFilter.doFilter(WsFilter.java:51)
at
org.apache.catalina.core.ApplicationFilterChain.internalDoFilter(ApplicationFilterChain.java:164)
at org.apache.catalina.core.ApplicationFilterChain.doFilter(ApplicationFilterChain.java:140)
at
org.springframework.web.filter.RequestContextFilter.doFilterInternal(RequestContextFilter.java:100)
at org.springframework.web.filter.OncePerRequestFilter.doFilter(OncePerRequestFilter.java:116)
at
org.apache.catalina.core.ApplicationFilterChain.internalDoFilter(ApplicationFilterChain.java:164)
at org.apache.catalina.core.ApplicationFilterChain.doFilter(ApplicationFilterChain.java:140)
at org.springframework.web.filter.FormContentFilter.doFilterInternal(FormContentFilter.java:93)
at org.springframework.web.filter.OncePerRequestFilter.doFilter(OncePerRequestFilter.java:116)
at
org.apache.catalina.core.ApplicationFilterChain.internalDoFilter(ApplicationFilterChain.java:164)
at org.apache.catalina.core.ApplicationFilterChain.doFilter(ApplicationFilterChain.java:140)
at
org.springframework.web.filter.CharacterEncodingFilter.doFilterInternal(CharacterEncodingFilter.java
201)
at org.springframework.web.filter.OncePerRequestFilter.doFilter(OncePerRequestFilter.java:116)
at
org.apache.catalina.core.ApplicationFilterChain.internalDoFilter(ApplicationFilterChain.java:164)
at org.apache.catalina.core.ApplicationFilterChain.doFilter(ApplicationFilterChain.java:140)
at org.apache.catalina.core.StandardWrapperValve.invoke(StandardWrapperValve.java:167)
at org.apache.catalina.core.StandardContextValve.invoke(StandardContextValve.java:90)
at org.apache.catalina.authenticator.AuthenticatorBase.invoke(AuthenticatorBase.java:483)
at org.apache.catalina.core.StandardHostValve.invoke(StandardHostValve.java:115)
at org.apache.catalina.valves.ErrorReportValve.invoke(ErrorReportValve.java:93)
at org.apache.catalina.core.StandardEngineValve.invoke(StandardEngineValve.java:74)
at org.apache.catalina.connector.CoyoteAdapter.service(CoyoteAdapter.java:344)
at org.apache.coyote.http11.Http11Processor.service(Http11Processor.java:397)
at org.apache.coyote.AbstractProcessorLight.process(AbstractProcessorLight.java:63)
at org.apache.coyote.AbstractProtocol$ConnectionHandler.process(AbstractProtocol.java:905)
at org.apache.tomcat.util.net.NioEndpoint$SocketProcessor.doRun(NioEndpoint.java:1743)
at org.apache.tomcat.util.net.SocketProcessorBase.run(SocketProcessorBase.java:52)
at org.apache.tomcat.util.threads.ThreadPoolExecutor.runWorker(ThreadPoolExecutor.java:1190)
at org.apache.tomcat.util.threads.ThreadPoolExecutor$Worker.run(ThreadPoolExecutor.java:659)
at org.apache.tomcat.util.threads.TaskThread$WrappingRunnable.run(TaskThread.java:63)
at java.base/java.lang.Thread.run(Thread.java:1583)
Caused by: java.lang.IllegalStateException: For queries with named parameters you need to provide
names for method parameters; Use @Param for query method parameters, or when on Java 8+ use the
javac flag -parameters
at
org.springframework.data.jpa.repository.query.QueryParameterSetterFactory.lambda$1(QueryParameterSet
erFactory.java:137)
at java.base/java.util.Optional.orElseThrow(Optional.java:403)
at
org.springframework.data.jpa.repository.query.QueryParameterSetterFactory.getRequiredName(QueryParam
terSetterFactory.java:137)
at
org.springframework.data.jpa.repository.query.QueryParameterSetterFactory.findParameterForBinding(Qu
ryParameterSetterFactory.java:128)
at
org.springframework.data.jpa.repository.query.QueryParameterSetterFactory$BasicQueryParameterSetterF
ctory.create(QueryParameterSetterFactory.java:244)
at
org.springframework.data.jpa.repository.query.ParameterBinderFactory.createQueryParameterSetter(Para
eterBinderFactory.java:146)
at
org.springframework.data.jpa.repository.query.ParameterBinderFactory.createSetters(ParameterBinderFa
tory.java:135)
at
org.springframework.data.jpa.repository.query.ParameterBinderFactory.createQueryAwareBinder(Paramete
BinderFactory.java:102)
at
org.springframework.data.jpa.repository.query.AbstractStringBasedJpaQuery.createBinder(AbstractStrin
BasedJpaQuery.java:141)
at
org.springframework.data.jpa.repository.query.AbstractStringBasedJpaQuery.createBinder(AbstractStrin
BasedJpaQuery.java:137)
at org.springframework.data.util.Lazy.getNullable(Lazy.java:135)
at org.springframework.data.util.Lazy.get(Lazy.java:113)
at
org.springframework.data.jpa.repository.query.AbstractStringBasedJpaQuery.doCreateQuery(AbstractStri
gBasedJpaQuery.java:128)
at
org.springframework.data.jpa.repository.query.AbstractJpaQuery.createQuery(AbstractJpaQuery.java:243
at
org.springframework.data.jpa.repository.query.JpaQueryExecution$CollectionExecution.doExecute(JpaQue
yExecution.java:130)
at
org.springframework.data.jpa.repository.query.JpaQueryExecution.execute(JpaQueryExecution.java:93)
at
org.springframework.data.jpa.repository.query.AbstractJpaQuery.doExecute(AbstractJpaQuery.java:152)
at
org.springframework.data.jpa.repository.query.AbstractJpaQuery.execute(AbstractJpaQuery.java:140)
at
org.springframework.data.repository.core.support.RepositoryMethodInvoker.doInvoke(RepositoryMethodIn
oker.java:170)
at
org.springframework.data.repository.core.support.RepositoryMethodInvoker.invoke(RepositoryMethodInvo
er.java:158)
at
org.springframework.data.repository.core.support.QueryExecutorMethodInterceptor.doInvoke(QueryExecut
rMethodInterceptor.java:170)
at
org.springframework.data.repository.core.support.QueryExecutorMethodInterceptor.invoke(QueryExecutor
ethodInterceptor.java:149)
at
org.springframework.aop.framework.ReflectiveMethodInvocation.proceed(ReflectiveMethodInvocation.java
184)
at
org.springframework.data.projection.DefaultMethodInvokingMethodInterceptor.invoke(DefaultMethodInvok
ngMethodInterceptor.java:69)
at
org.springframework.aop.framework.ReflectiveMethodInvocation.proceed(ReflectiveMethodInvocation.java
184)
at
org.springframework.transaction.interceptor.TransactionAspectSupport.invokeWithinTransaction(Transac
ionAspectSupport.java:380)
at
org.springframework.transaction.interceptor.TransactionInterceptor.invoke(TransactionInterceptor.jav
:119)
at
org.springframework.aop.framework.ReflectiveMethodInvocation.proceed(ReflectiveMethodInvocation.java
184)
at
org.springframework.dao.support.PersistenceExceptionTranslationInterceptor.invoke(PersistenceExcepti
nTranslationInterceptor.java:138)
... 102 common frames omitted
2025-05-23 15:24:16 - INFO - p.config.LoggingAspect - Exiting method: findAllByStatusPurpose
2025-05-23 15:24:16 - ERROR - p.config.LoggingAspect - Error in method: getAllStatuses
org.springframework.dao.InvalidDataAccessApiUsageException: For queries with named parameters you
need to provide names for method parameters; Use @Param for query method parameters, or when on Java
8+ use the javac flag -parameters
at
org.springframework.orm.jpa.EntityManagerFactoryUtils.convertJpaAccessExceptionIfPossible(EntityMana
erFactoryUtils.java:368)
at
org.springframework.orm.jpa.vendor.HibernateJpaDialect.translateExceptionIfPossible(HibernateJpaDial
ct.java:246)
at
org.springframework.orm.jpa.AbstractEntityManagerFactoryBean.translateExceptionIfPossible(AbstractEn
ityManagerFactoryBean.java:560)
at
org.springframework.dao.support.ChainedPersistenceExceptionTranslator.translateExceptionIfPossible(C
ainedPersistenceExceptionTranslator.java:61)
at org.springframework.dao.support.DataAccessUtils.translateIfNecessary(DataAccessUtils.java:343)
at
org.springframework.dao.support.PersistenceExceptionTranslationInterceptor.invoke(PersistenceExcepti
nTranslationInterceptor.java:160)
at
org.springframework.aop.framework.ReflectiveMethodInvocation.proceed(ReflectiveMethodInvocation.java
184)
at
org.springframework.data.jpa.repository.support.CrudMethodMetadataPostProcessor$CrudMethodMetadataPo
ulatingMethodInterceptor.invoke(CrudMethodMetadataPostProcessor.java:136)
at
org.springframework.aop.framework.ReflectiveMethodInvocation.proceed(ReflectiveMethodInvocation.java
184)
at org.springframework.aop.framework.JdkDynamicAopProxy.invoke(JdkDynamicAopProxy.java:223)
at jdk.proxy2/jdk.proxy2.$Proxy140.findAllByStatusPurpose(Unknown Source)
at
java.base/jdk.internal.reflect.DirectMethodHandleAccessor.invoke(DirectMethodHandleAccessor.java:103
at java.base/java.lang.reflect.Method.invoke(Method.java:580)
at org.springframework.aop.support.AopUtils.invokeJoinpointUsingReflection(AopUtils.java:359)
at
org.springframework.aop.framework.ReflectiveMethodInvocation.invokeJoinpoint(ReflectiveMethodInvocat
on.java:196)
at
org.springframework.aop.framework.ReflectiveMethodInvocation.proceed(ReflectiveMethodInvocation.java
163)
at
org.springframework.dao.support.PersistenceExceptionTranslationInterceptor.invoke(PersistenceExcepti
nTranslationInterceptor.java:138)
at
org.springframework.aop.framework.ReflectiveMethodInvocation.proceed(ReflectiveMethodInvocation.java
184)
at
org.springframework.aop.aspectj.AspectJAfterThrowingAdvice.invoke(AspectJAfterThrowingAdvice.java:64
at
org.springframework.aop.framework.ReflectiveMethodInvocation.proceed(ReflectiveMethodInvocation.java
184)
at org.springframework.aop.aspectj.AspectJAfterAdvice.invoke(AspectJAfterAdvice.java:49)
at
org.springframework.aop.framework.ReflectiveMethodInvocation.proceed(ReflectiveMethodInvocation.java
184)
at
org.springframework.aop.framework.adapter.MethodBeforeAdviceInterceptor.invoke(MethodBeforeAdviceInt
rceptor.java:58)
at
org.springframework.aop.framework.ReflectiveMethodInvocation.proceed(ReflectiveMethodInvocation.java
184)
at
org.springframework.aop.interceptor.ExposeInvocationInterceptor.invoke(ExposeInvocationInterceptor.j
va:97)
at
org.springframework.aop.framework.ReflectiveMethodInvocation.proceed(ReflectiveMethodInvocation.java
184)
at org.springframework.aop.framework.JdkDynamicAopProxy.invoke(JdkDynamicAopProxy.java:223)
at jdk.proxy2/jdk.proxy2.$Proxy140.findAllByStatusPurpose(Unknown Source)
at project_tracker_backend.service.StatusService.getAllStatuses(StatusService.java:68)
at
java.base/jdk.internal.reflect.DirectMethodHandleAccessor.invoke(DirectMethodHandleAccessor.java:103
at java.base/java.lang.reflect.Method.invoke(Method.java:580)
at org.springframework.aop.support.AopUtils.invokeJoinpointUsingReflection(AopUtils.java:359)
at
org.springframework.aop.framework.ReflectiveMethodInvocation.invokeJoinpoint(ReflectiveMethodInvocat
on.java:196)
at
org.springframework.aop.framework.ReflectiveMethodInvocation.proceed(ReflectiveMethodInvocation.java
163)
at
org.springframework.aop.aspectj.AspectJAfterThrowingAdvice.invoke(AspectJAfterThrowingAdvice.java:64
at
org.springframework.aop.framework.ReflectiveMethodInvocation.proceed(ReflectiveMethodInvocation.java
184)
at org.springframework.aop.aspectj.AspectJAfterAdvice.invoke(AspectJAfterAdvice.java:49)
at
org.springframework.aop.framework.ReflectiveMethodInvocation.proceed(ReflectiveMethodInvocation.java
184)
at
org.springframework.aop.framework.adapter.MethodBeforeAdviceInterceptor.invoke(MethodBeforeAdviceInt
rceptor.java:58)
at
org.springframework.aop.framework.ReflectiveMethodInvocation.proceed(ReflectiveMethodInvocation.java
184)
at
org.springframework.aop.interceptor.ExposeInvocationInterceptor.invoke(ExposeInvocationInterceptor.j
va:97)
at
org.springframework.aop.framework.ReflectiveMethodInvocation.proceed(ReflectiveMethodInvocation.java
184)
at
org.springframework.aop.framework.CglibAopProxy$DynamicAdvisedInterceptor.intercept(CglibAopProxy.ja
a:727)
at project_tracker_backend.service.StatusService$$SpringCGLIB$$0.getAllStatuses(<generated>)
at project_tracker_backend.controller.StatusController.getAllStatuses(StatusController.java:39)
at
java.base/jdk.internal.reflect.DirectMethodHandleAccessor.invoke(DirectMethodHandleAccessor.java:103
at java.base/java.lang.reflect.Method.invoke(Method.java:580)
at org.springframework.aop.support.AopUtils.invokeJoinpointUsingReflection(AopUtils.java:359)
at
org.springframework.aop.framework.ReflectiveMethodInvocation.invokeJoinpoint(ReflectiveMethodInvocat
on.java:196)
at
org.springframework.aop.framework.ReflectiveMethodInvocation.proceed(ReflectiveMethodInvocation.java
163)
at
org.springframework.aop.aspectj.AspectJAfterThrowingAdvice.invoke(AspectJAfterThrowingAdvice.java:64
at
org.springframework.aop.framework.ReflectiveMethodInvocation.proceed(ReflectiveMethodInvocation.java
184)
at org.springframework.aop.aspectj.AspectJAfterAdvice.invoke(AspectJAfterAdvice.java:49)
at
org.springframework.aop.framework.ReflectiveMethodInvocation.proceed(ReflectiveMethodInvocation.java
184)
at
org.springframework.aop.framework.adapter.MethodBeforeAdviceInterceptor.invoke(MethodBeforeAdviceInt
rceptor.java:58)
at
org.springframework.aop.framework.ReflectiveMethodInvocation.proceed(ReflectiveMethodInvocation.java
184)
at
org.springframework.aop.interceptor.ExposeInvocationInterceptor.invoke(ExposeInvocationInterceptor.j
va:97)
at
org.springframework.aop.framework.ReflectiveMethodInvocation.proceed(ReflectiveMethodInvocation.java
184)
at
org.springframework.aop.framework.CglibAopProxy$DynamicAdvisedInterceptor.intercept(CglibAopProxy.ja
a:727)
at project_tracker_backend.controller.StatusController$$SpringCGLIB$$0.getAllStatuses(<generated>)
at
java.base/jdk.internal.reflect.DirectMethodHandleAccessor.invoke(DirectMethodHandleAccessor.java:103
at java.base/java.lang.reflect.Method.invoke(Method.java:580)
at
org.springframework.web.method.support.InvocableHandlerMethod.doInvoke(InvocableHandlerMethod.java:2
8)
at
org.springframework.web.method.support.InvocableHandlerMethod.invokeForRequest(InvocableHandlerMetho
.java:191)
at
org.springframework.web.servlet.mvc.method.annotation.ServletInvocableHandlerMethod.invokeAndHandle(
ervletInvocableHandlerMethod.java:118)
at
org.springframework.web.servlet.mvc.method.annotation.RequestMappingHandlerAdapter.invokeHandlerMeth
d(RequestMappingHandlerAdapter.java:986)
at
org.springframework.web.servlet.mvc.method.annotation.RequestMappingHandlerAdapter.handleInternal(Re
uestMappingHandlerAdapter.java:891)
at
org.springframework.web.servlet.mvc.method.AbstractHandlerMethodAdapter.handle(AbstractHandlerMethod
dapter.java:87)
at org.springframework.web.servlet.DispatcherServlet.doDispatch(DispatcherServlet.java:1089)
at org.springframework.web.servlet.DispatcherServlet.doService(DispatcherServlet.java:979)
at org.springframework.web.servlet.FrameworkServlet.processRequest(FrameworkServlet.java:1014)
at org.springframework.web.servlet.FrameworkServlet.doGet(FrameworkServlet.java:903)
at jakarta.servlet.http.HttpServlet.service(HttpServlet.java:564)
at org.springframework.web.servlet.FrameworkServlet.service(FrameworkServlet.java:885)
at jakarta.servlet.http.HttpServlet.service(HttpServlet.java:658)
at
org.apache.catalina.core.ApplicationFilterChain.internalDoFilter(ApplicationFilterChain.java:195)
at org.apache.catalina.core.ApplicationFilterChain.doFilter(ApplicationFilterChain.java:140)
at org.apache.tomcat.websocket.server.WsFilter.doFilter(WsFilter.java:51)
at
org.apache.catalina.core.ApplicationFilterChain.internalDoFilter(ApplicationFilterChain.java:164)
at org.apache.catalina.core.ApplicationFilterChain.doFilter(ApplicationFilterChain.java:140)
at
org.springframework.web.filter.RequestContextFilter.doFilterInternal(RequestContextFilter.java:100)
at org.springframework.web.filter.OncePerRequestFilter.doFilter(OncePerRequestFilter.java:116)
at
org.apache.catalina.core.ApplicationFilterChain.internalDoFilter(ApplicationFilterChain.java:164)
at org.apache.catalina.core.ApplicationFilterChain.doFilter(ApplicationFilterChain.java:140)
at org.springframework.web.filter.FormContentFilter.doFilterInternal(FormContentFilter.java:93)
at org.springframework.web.filter.OncePerRequestFilter.doFilter(OncePerRequestFilter.java:116)
at
org.apache.catalina.core.ApplicationFilterChain.internalDoFilter(ApplicationFilterChain.java:164)
at org.apache.catalina.core.ApplicationFilterChain.doFilter(ApplicationFilterChain.java:140)
at
org.springframework.web.filter.CharacterEncodingFilter.doFilterInternal(CharacterEncodingFilter.java
201)
at org.springframework.web.filter.OncePerRequestFilter.doFilter(OncePerRequestFilter.java:116)
at
org.apache.catalina.core.ApplicationFilterChain.internalDoFilter(ApplicationFilterChain.java:164)
at org.apache.catalina.core.ApplicationFilterChain.doFilter(ApplicationFilterChain.java:140)
at org.apache.catalina.core.StandardWrapperValve.invoke(StandardWrapperValve.java:167)
at org.apache.catalina.core.StandardContextValve.invoke(StandardContextValve.java:90)
at org.apache.catalina.authenticator.AuthenticatorBase.invoke(AuthenticatorBase.java:483)
at org.apache.catalina.core.StandardHostValve.invoke(StandardHostValve.java:115)
at org.apache.catalina.valves.ErrorReportValve.invoke(ErrorReportValve.java:93)
at org.apache.catalina.core.StandardEngineValve.invoke(StandardEngineValve.java:74)
at org.apache.catalina.connector.CoyoteAdapter.service(CoyoteAdapter.java:344)
at org.apache.coyote.http11.Http11Processor.service(Http11Processor.java:397)
at org.apache.coyote.AbstractProcessorLight.process(AbstractProcessorLight.java:63)
at org.apache.coyote.AbstractProtocol$ConnectionHandler.process(AbstractProtocol.java:905)
at org.apache.tomcat.util.net.NioEndpoint$SocketProcessor.doRun(NioEndpoint.java:1743)
at org.apache.tomcat.util.net.SocketProcessorBase.run(SocketProcessorBase.java:52)
at org.apache.tomcat.util.threads.ThreadPoolExecutor.runWorker(ThreadPoolExecutor.java:1190)
at org.apache.tomcat.util.threads.ThreadPoolExecutor$Worker.run(ThreadPoolExecutor.java:659)
at org.apache.tomcat.util.threads.TaskThread$WrappingRunnable.run(TaskThread.java:63)
at java.base/java.lang.Thread.run(Thread.java:1583)
Caused by: java.lang.IllegalStateException: For queries with named parameters you need to provide
names for method parameters; Use @Param for query method parameters, or when on Java 8+ use the
javac flag -parameters
at
org.springframework.data.jpa.repository.query.QueryParameterSetterFactory.lambda$1(QueryParameterSet
erFactory.java:137)
at java.base/java.util.Optional.orElseThrow(Optional.java:403)
at
org.springframework.data.jpa.repository.query.QueryParameterSetterFactory.getRequiredName(QueryParam
terSetterFactory.java:137)
at
org.springframework.data.jpa.repository.query.QueryParameterSetterFactory.findParameterForBinding(Qu
ryParameterSetterFactory.java:128)
at
org.springframework.data.jpa.repository.query.QueryParameterSetterFactory$BasicQueryParameterSetterF
ctory.create(QueryParameterSetterFactory.java:244)
at
org.springframework.data.jpa.repository.query.ParameterBinderFactory.createQueryParameterSetter(Para
eterBinderFactory.java:146)
at
org.springframework.data.jpa.repository.query.ParameterBinderFactory.createSetters(ParameterBinderFa
tory.java:135)
at
org.springframework.data.jpa.repository.query.ParameterBinderFactory.createQueryAwareBinder(Paramete
BinderFactory.java:102)
at
org.springframework.data.jpa.repository.query.AbstractStringBasedJpaQuery.createBinder(AbstractStrin
BasedJpaQuery.java:141)
at
org.springframework.data.jpa.repository.query.AbstractStringBasedJpaQuery.createBinder(AbstractStrin
BasedJpaQuery.java:137)
at org.springframework.data.util.Lazy.getNullable(Lazy.java:135)
at org.springframework.data.util.Lazy.get(Lazy.java:113)
at
org.springframework.data.jpa.repository.query.AbstractStringBasedJpaQuery.doCreateQuery(AbstractStri
gBasedJpaQuery.java:128)
at
org.springframework.data.jpa.repository.query.AbstractJpaQuery.createQuery(AbstractJpaQuery.java:243
at
org.springframework.data.jpa.repository.query.JpaQueryExecution$CollectionExecution.doExecute(JpaQue
yExecution.java:130)
at
org.springframework.data.jpa.repository.query.JpaQueryExecution.execute(JpaQueryExecution.java:93)
at
org.springframework.data.jpa.repository.query.AbstractJpaQuery.doExecute(AbstractJpaQuery.java:152)
at
org.springframework.data.jpa.repository.query.AbstractJpaQuery.execute(AbstractJpaQuery.java:140)
at
org.springframework.data.repository.core.support.RepositoryMethodInvoker.doInvoke(RepositoryMethodIn
oker.java:170)
at
org.springframework.data.repository.core.support.RepositoryMethodInvoker.invoke(RepositoryMethodInvo
er.java:158)
at
org.springframework.data.repository.core.support.QueryExecutorMethodInterceptor.doInvoke(QueryExecut
rMethodInterceptor.java:170)
at
org.springframework.data.repository.core.support.QueryExecutorMethodInterceptor.invoke(QueryExecutor
ethodInterceptor.java:149)
at
org.springframework.aop.framework.ReflectiveMethodInvocation.proceed(ReflectiveMethodInvocation.java
184)
at
org.springframework.data.projection.DefaultMethodInvokingMethodInterceptor.invoke(DefaultMethodInvok
ngMethodInterceptor.java:69)
at
org.springframework.aop.framework.ReflectiveMethodInvocation.proceed(ReflectiveMethodInvocation.java
184)
at
org.springframework.transaction.interceptor.TransactionAspectSupport.invokeWithinTransaction(Transac
ionAspectSupport.java:380)
at
org.springframework.transaction.interceptor.TransactionInterceptor.invoke(TransactionInterceptor.jav
:119)
at
org.springframework.aop.framework.ReflectiveMethodInvocation.proceed(ReflectiveMethodInvocation.java
184)
at
org.springframework.dao.support.PersistenceExceptionTranslationInterceptor.invoke(PersistenceExcepti
nTranslationInterceptor.java:138)
... 102 common frames omitted
2025-05-23 15:24:16 - INFO - p.config.LoggingAspect - Exiting method: getAllStatuses
2025-05-23 15:24:16 - ERROR - p.config.LoggingAspect - Error in method: getAllStatuses
org.springframework.dao.InvalidDataAccessApiUsageException: For queries with named parameters you
need to provide names for method parameters; Use @Param for query method parameters, or when on Java
8+ use the javac flag -parameters
at
org.springframework.orm.jpa.EntityManagerFactoryUtils.convertJpaAccessExceptionIfPossible(EntityMana
erFactoryUtils.java:368)
at
org.springframework.orm.jpa.vendor.HibernateJpaDialect.translateExceptionIfPossible(HibernateJpaDial
ct.java:246)
at
org.springframework.orm.jpa.AbstractEntityManagerFactoryBean.translateExceptionIfPossible(AbstractEn
ityManagerFactoryBean.java:560)
at
org.springframework.dao.support.ChainedPersistenceExceptionTranslator.translateExceptionIfPossible(C
ainedPersistenceExceptionTranslator.java:61)
at org.springframework.dao.support.DataAccessUtils.translateIfNecessary(DataAccessUtils.java:343)
at
org.springframework.dao.support.PersistenceExceptionTranslationInterceptor.invoke(PersistenceExcepti
nTranslationInterceptor.java:160)
at
org.springframework.aop.framework.ReflectiveMethodInvocation.proceed(ReflectiveMethodInvocation.java
184)
at
org.springframework.data.jpa.repository.support.CrudMethodMetadataPostProcessor$CrudMethodMetadataPo
ulatingMethodInterceptor.invoke(CrudMethodMetadataPostProcessor.java:136)
at
org.springframework.aop.framework.ReflectiveMethodInvocation.proceed(ReflectiveMethodInvocation.java
184)
at org.springframework.aop.framework.JdkDynamicAopProxy.invoke(JdkDynamicAopProxy.java:223)
at jdk.proxy2/jdk.proxy2.$Proxy140.findAllByStatusPurpose(Unknown Source)
at
java.base/jdk.internal.reflect.DirectMethodHandleAccessor.invoke(DirectMethodHandleAccessor.java:103
at java.base/java.lang.reflect.Method.invoke(Method.java:580)
at org.springframework.aop.support.AopUtils.invokeJoinpointUsingReflection(AopUtils.java:359)
at
org.springframework.aop.framework.ReflectiveMethodInvocation.invokeJoinpoint(ReflectiveMethodInvocat
on.java:196)
at
org.springframework.aop.framework.ReflectiveMethodInvocation.proceed(ReflectiveMethodInvocation.java
163)
at
org.springframework.dao.support.PersistenceExceptionTranslationInterceptor.invoke(PersistenceExcepti
nTranslationInterceptor.java:138)
at
org.springframework.aop.framework.ReflectiveMethodInvocation.proceed(ReflectiveMethodInvocation.java
184)
at
org.springframework.aop.aspectj.AspectJAfterThrowingAdvice.invoke(AspectJAfterThrowingAdvice.java:64
at
org.springframework.aop.framework.ReflectiveMethodInvocation.proceed(ReflectiveMethodInvocation.java
184)
at org.springframework.aop.aspectj.AspectJAfterAdvice.invoke(AspectJAfterAdvice.java:49)
at
org.springframework.aop.framework.ReflectiveMethodInvocation.proceed(ReflectiveMethodInvocation.java
184)
at
org.springframework.aop.framework.adapter.MethodBeforeAdviceInterceptor.invoke(MethodBeforeAdviceInt
rceptor.java:58)
at
org.springframework.aop.framework.ReflectiveMethodInvocation.proceed(ReflectiveMethodInvocation.java
184)
at
org.springframework.aop.interceptor.ExposeInvocationInterceptor.invoke(ExposeInvocationInterceptor.j
va:97)
at
org.springframework.aop.framework.ReflectiveMethodInvocation.proceed(ReflectiveMethodInvocation.java
184)
at org.springframework.aop.framework.JdkDynamicAopProxy.invoke(JdkDynamicAopProxy.java:223)
at jdk.proxy2/jdk.proxy2.$Proxy140.findAllByStatusPurpose(Unknown Source)
at project_tracker_backend.service.StatusService.getAllStatuses(StatusService.java:68)
at
java.base/jdk.internal.reflect.DirectMethodHandleAccessor.invoke(DirectMethodHandleAccessor.java:103
at java.base/java.lang.reflect.Method.invoke(Method.java:580)
at org.springframework.aop.support.AopUtils.invokeJoinpointUsingReflection(AopUtils.java:359)
at
org.springframework.aop.framework.ReflectiveMethodInvocation.invokeJoinpoint(ReflectiveMethodInvocat
on.java:196)
at
org.springframework.aop.framework.ReflectiveMethodInvocation.proceed(ReflectiveMethodInvocation.java
163)
at
org.springframework.aop.aspectj.AspectJAfterThrowingAdvice.invoke(AspectJAfterThrowingAdvice.java:64
at
org.springframework.aop.framework.ReflectiveMethodInvocation.proceed(ReflectiveMethodInvocation.java
184)
at org.springframework.aop.aspectj.AspectJAfterAdvice.invoke(AspectJAfterAdvice.java:49)
at
org.springframework.aop.framework.ReflectiveMethodInvocation.proceed(ReflectiveMethodInvocation.java
184)
at
org.springframework.aop.framework.adapter.MethodBeforeAdviceInterceptor.invoke(MethodBeforeAdviceInt
rceptor.java:58)
at
org.springframework.aop.framework.ReflectiveMethodInvocation.proceed(ReflectiveMethodInvocation.java
184)
at
org.springframework.aop.interceptor.ExposeInvocationInterceptor.invoke(ExposeInvocationInterceptor.j
va:97)
at
org.springframework.aop.framework.ReflectiveMethodInvocation.proceed(ReflectiveMethodInvocation.java
184)
at
org.springframework.aop.framework.CglibAopProxy$DynamicAdvisedInterceptor.intercept(CglibAopProxy.ja
a:727)
at project_tracker_backend.service.StatusService$$SpringCGLIB$$0.getAllStatuses(<generated>)
at project_tracker_backend.controller.StatusController.getAllStatuses(StatusController.java:39)
at
java.base/jdk.internal.reflect.DirectMethodHandleAccessor.invoke(DirectMethodHandleAccessor.java:103
at java.base/java.lang.reflect.Method.invoke(Method.java:580)
at org.springframework.aop.support.AopUtils.invokeJoinpointUsingReflection(AopUtils.java:359)
at
org.springframework.aop.framework.ReflectiveMethodInvocation.invokeJoinpoint(ReflectiveMethodInvocat
on.java:196)
at
org.springframework.aop.framework.ReflectiveMethodInvocation.proceed(ReflectiveMethodInvocation.java
163)
at
org.springframework.aop.aspectj.AspectJAfterThrowingAdvice.invoke(AspectJAfterThrowingAdvice.java:64
at
org.springframework.aop.framework.ReflectiveMethodInvocation.proceed(ReflectiveMethodInvocation.java
184)
at org.springframework.aop.aspectj.AspectJAfterAdvice.invoke(AspectJAfterAdvice.java:49)
at
org.springframework.aop.framework.ReflectiveMethodInvocation.proceed(ReflectiveMethodInvocation.java
184)
at
org.springframework.aop.framework.adapter.MethodBeforeAdviceInterceptor.invoke(MethodBeforeAdviceInt
rceptor.java:58)
at
org.springframework.aop.framework.ReflectiveMethodInvocation.proceed(ReflectiveMethodInvocation.java
184)
at
org.springframework.aop.interceptor.ExposeInvocationInterceptor.invoke(ExposeInvocationInterceptor.j
va:97)
at
org.springframework.aop.framework.ReflectiveMethodInvocation.proceed(ReflectiveMethodInvocation.java
184)
at
org.springframework.aop.framework.CglibAopProxy$DynamicAdvisedInterceptor.intercept(CglibAopProxy.ja
a:727)
at project_tracker_backend.controller.StatusController$$SpringCGLIB$$0.getAllStatuses(<generated>)
at
java.base/jdk.internal.reflect.DirectMethodHandleAccessor.invoke(DirectMethodHandleAccessor.java:103
at java.base/java.lang.reflect.Method.invoke(Method.java:580)
at
org.springframework.web.method.support.InvocableHandlerMethod.doInvoke(InvocableHandlerMethod.java:2
8)
at
org.springframework.web.method.support.InvocableHandlerMethod.invokeForRequest(InvocableHandlerMetho
.java:191)
at
org.springframework.web.servlet.mvc.method.annotation.ServletInvocableHandlerMethod.invokeAndHandle(
ervletInvocableHandlerMethod.java:118)
at
org.springframework.web.servlet.mvc.method.annotation.RequestMappingHandlerAdapter.invokeHandlerMeth
d(RequestMappingHandlerAdapter.java:986)
at
org.springframework.web.servlet.mvc.method.annotation.RequestMappingHandlerAdapter.handleInternal(Re
uestMappingHandlerAdapter.java:891)
at
org.springframework.web.servlet.mvc.method.AbstractHandlerMethodAdapter.handle(AbstractHandlerMethod
dapter.java:87)
at org.springframework.web.servlet.DispatcherServlet.doDispatch(DispatcherServlet.java:1089)
at org.springframework.web.servlet.DispatcherServlet.doService(DispatcherServlet.java:979)
at org.springframework.web.servlet.FrameworkServlet.processRequest(FrameworkServlet.java:1014)
at org.springframework.web.servlet.FrameworkServlet.doGet(FrameworkServlet.java:903)
at jakarta.servlet.http.HttpServlet.service(HttpServlet.java:564)
at org.springframework.web.servlet.FrameworkServlet.service(FrameworkServlet.java:885)
at jakarta.servlet.http.HttpServlet.service(HttpServlet.java:658)
at
org.apache.catalina.core.ApplicationFilterChain.internalDoFilter(ApplicationFilterChain.java:195)
at org.apache.catalina.core.ApplicationFilterChain.doFilter(ApplicationFilterChain.java:140)
at org.apache.tomcat.websocket.server.WsFilter.doFilter(WsFilter.java:51)
at
org.apache.catalina.core.ApplicationFilterChain.internalDoFilter(ApplicationFilterChain.java:164)
at org.apache.catalina.core.ApplicationFilterChain.doFilter(ApplicationFilterChain.java:140)
at
org.springframework.web.filter.RequestContextFilter.doFilterInternal(RequestContextFilter.java:100)
at org.springframework.web.filter.OncePerRequestFilter.doFilter(OncePerRequestFilter.java:116)
at
org.apache.catalina.core.ApplicationFilterChain.internalDoFilter(ApplicationFilterChain.java:164)
at org.apache.catalina.core.ApplicationFilterChain.doFilter(ApplicationFilterChain.java:140)
at org.springframework.web.filter.FormContentFilter.doFilterInternal(FormContentFilter.java:93)
at org.springframework.web.filter.OncePerRequestFilter.doFilter(OncePerRequestFilter.java:116)
at
org.apache.catalina.core.ApplicationFilterChain.internalDoFilter(ApplicationFilterChain.java:164)
at org.apache.catalina.core.ApplicationFilterChain.doFilter(ApplicationFilterChain.java:140)
at
org.springframework.web.filter.CharacterEncodingFilter.doFilterInternal(CharacterEncodingFilter.java
201)
at org.springframework.web.filter.OncePerRequestFilter.doFilter(OncePerRequestFilter.java:116)
at
org.apache.catalina.core.ApplicationFilterChain.internalDoFilter(ApplicationFilterChain.java:164)
at org.apache.catalina.core.ApplicationFilterChain.doFilter(ApplicationFilterChain.java:140)
at org.apache.catalina.core.StandardWrapperValve.invoke(StandardWrapperValve.java:167)
at org.apache.catalina.core.StandardContextValve.invoke(StandardContextValve.java:90)
at org.apache.catalina.authenticator.AuthenticatorBase.invoke(AuthenticatorBase.java:483)
at org.apache.catalina.core.StandardHostValve.invoke(StandardHostValve.java:115)
at org.apache.catalina.valves.ErrorReportValve.invoke(ErrorReportValve.java:93)
at org.apache.catalina.core.StandardEngineValve.invoke(StandardEngineValve.java:74)
at org.apache.catalina.connector.CoyoteAdapter.service(CoyoteAdapter.java:344)
at org.apache.coyote.http11.Http11Processor.service(Http11Processor.java:397)
at org.apache.coyote.AbstractProcessorLight.process(AbstractProcessorLight.java:63)
at org.apache.coyote.AbstractProtocol$ConnectionHandler.process(AbstractProtocol.java:905)
at org.apache.tomcat.util.net.NioEndpoint$SocketProcessor.doRun(NioEndpoint.java:1743)
at org.apache.tomcat.util.net.SocketProcessorBase.run(SocketProcessorBase.java:52)
at org.apache.tomcat.util.threads.ThreadPoolExecutor.runWorker(ThreadPoolExecutor.java:1190)
at org.apache.tomcat.util.threads.ThreadPoolExecutor$Worker.run(ThreadPoolExecutor.java:659)
at org.apache.tomcat.util.threads.TaskThread$WrappingRunnable.run(TaskThread.java:63)
at java.base/java.lang.Thread.run(Thread.java:1583)
Caused by: java.lang.IllegalStateException: For queries with named parameters you need to provide
names for method parameters; Use @Param for query method parameters, or when on Java 8+ use the
javac flag -parameters
at
org.springframework.data.jpa.repository.query.QueryParameterSetterFactory.lambda$1(QueryParameterSet
erFactory.java:137)
at java.base/java.util.Optional.orElseThrow(Optional.java:403)
at
org.springframework.data.jpa.repository.query.QueryParameterSetterFactory.getRequiredName(QueryParam
terSetterFactory.java:137)
at
org.springframework.data.jpa.repository.query.QueryParameterSetterFactory.findParameterForBinding(Qu
ryParameterSetterFactory.java:128)
at
org.springframework.data.jpa.repository.query.QueryParameterSetterFactory$BasicQueryParameterSetterF
ctory.create(QueryParameterSetterFactory.java:244)
at
org.springframework.data.jpa.repository.query.ParameterBinderFactory.createQueryParameterSetter(Para
eterBinderFactory.java:146)
at
org.springframework.data.jpa.repository.query.ParameterBinderFactory.createSetters(ParameterBinderFa
tory.java:135)
at
org.springframework.data.jpa.repository.query.ParameterBinderFactory.createQueryAwareBinder(Paramete
BinderFactory.java:102)
at
org.springframework.data.jpa.repository.query.AbstractStringBasedJpaQuery.createBinder(AbstractStrin
BasedJpaQuery.java:141)
at
org.springframework.data.jpa.repository.query.AbstractStringBasedJpaQuery.createBinder(AbstractStrin
BasedJpaQuery.java:137)
at org.springframework.data.util.Lazy.getNullable(Lazy.java:135)
at org.springframework.data.util.Lazy.get(Lazy.java:113)
at
org.springframework.data.jpa.repository.query.AbstractStringBasedJpaQuery.doCreateQuery(AbstractStri
gBasedJpaQuery.java:128)
at
org.springframework.data.jpa.repository.query.AbstractJpaQuery.createQuery(AbstractJpaQuery.java:243
at
org.springframework.data.jpa.repository.query.JpaQueryExecution$CollectionExecution.doExecute(JpaQue
yExecution.java:130)
at
org.springframework.data.jpa.repository.query.JpaQueryExecution.execute(JpaQueryExecution.java:93)
at
org.springframework.data.jpa.repository.query.AbstractJpaQuery.doExecute(AbstractJpaQuery.java:152)
at
org.springframework.data.jpa.repository.query.AbstractJpaQuery.execute(AbstractJpaQuery.java:140)
at
org.springframework.data.repository.core.support.RepositoryMethodInvoker.doInvoke(RepositoryMethodIn
oker.java:170)
at
org.springframework.data.repository.core.support.RepositoryMethodInvoker.invoke(RepositoryMethodInvo
er.java:158)
at
org.springframework.data.repository.core.support.QueryExecutorMethodInterceptor.doInvoke(QueryExecut
rMethodInterceptor.java:170)
at
org.springframework.data.repository.core.support.QueryExecutorMethodInterceptor.invoke(QueryExecutor
ethodInterceptor.java:149)
at
org.springframework.aop.framework.ReflectiveMethodInvocation.proceed(ReflectiveMethodInvocation.java
184)
at
org.springframework.data.projection.DefaultMethodInvokingMethodInterceptor.invoke(DefaultMethodInvok
ngMethodInterceptor.java:69)
at
org.springframework.aop.framework.ReflectiveMethodInvocation.proceed(ReflectiveMethodInvocation.java
184)
at
org.springframework.transaction.interceptor.TransactionAspectSupport.invokeWithinTransaction(Transac
ionAspectSupport.java:380)
at
org.springframework.transaction.interceptor.TransactionInterceptor.invoke(TransactionInterceptor.jav
:119)
at
org.springframework.aop.framework.ReflectiveMethodInvocation.proceed(ReflectiveMethodInvocation.java
184)
at
org.springframework.dao.support.PersistenceExceptionTranslationInterceptor.invoke(PersistenceExcepti
nTranslationInterceptor.java:138)
... 102 common frames omitted
2025-05-23 15:24:16 - INFO - p.config.LoggingAspect - Exiting method: getAllStatuses
