2025-05-25 20:12:31 - ERROR - project_tracker_starter.Launcher - Error starting backend: Error
creating bean with name 'entityManagerFactory' defined in class path resource
[org/springframework/boot/autoconfigure/orm/jpa/HibernateJpaConfiguration.class]: Failed to
initialize dependency 'flywayInitializer' of LoadTimeWeaverAware bean 'entityManagerFactory': Error
creating bean with name 'flywayInitializer' defined in class path resource
[org/springframework/boot/autoconfigure/flyway/FlywayAutoConfiguration$FlywayConfiguration.class]:
Script V1.0.5.1__fix_Adding_Default_Project_And_Task_Statuses.sql failed
------------------------------------------------------------------------
SQL State  : 42000
Error Code : 1064
Message    : You have an error in your SQL syntax; check the manual that corresponds to your MySQL
server version for the right syntax to use near 'INSERT INTO statuses (name, status_purpose)
VALUES ('New', 'BOTH')
('In Pr' at line 3
Location   : db/migration/V1.0.5.1__fix_Adding_Default_Project_And_Task_Statuses.sql
(C:\Users\Lenovo\IdeaProjects\Project_tracker_root\Project_Tracker_Backend\target\classes\db\migrati
n\V1.0.5.1__fix_Adding_Default_Project_And_Task_Statuses.sql)
Line       : 1
Statement  : UPDATE statuses.s SET s.status_purpose = 'TASK' WHERE s.name = 'To Do'
-- TODO repair !
INSERT INTO statuses (name, status_purpose)
VALUES ('New', 'BOTH')
('In Progress', 'PROJECT'),
('Halted', 'PROJECT'),
('Finished', 'BOTH')
